#
# There is insufficient memory for the Java Runtime Environment to continue.
# Native memory allocation (malloc) failed to allocate 2070736 bytes for Chunk::new
# Possible reasons:
#   The system is out of physical RAM or swap space
#   The process is running with CompressedOops enabled, and the Java Heap may be blocking the growth of the native heap
# Possible solutions:
#   Reduce memory load on the system
#   Increase physical memory or swap space
#   Check if swap backing store is full
#   Decrease Java heap size (-Xmx/-Xms)
#   Decrease number of Java threads
#   Decrease Java thread stack sizes (-Xss)
#   Set larger code cache with -XX:ReservedCodeCacheSize=
#   JVM is running with Unscaled Compressed Oops mode in which the Java heap is
#     placed in the first 4GB address space. The Java Heap base address is the
#     maximum limit for the native heap growth. Please use -XX:HeapBaseMinAddress
#     to set the Java Heap base and to place the Java Heap above 4GB virtual address.
# This output file may be truncated or incomplete.
#
#  Out of Memory Error (arena.cpp:189), pid=21308, tid=10172
#
# JRE version: Java(TM) SE Runtime Environment (17.0.12+8) (build 17.0.12+8-LTS-286)
# Java VM: Java HotSpot(TM) 64-Bit Server VM (17.0.12+8-LTS-286, mixed mode, sharing, tiered, compressed oops, compressed class ptrs, g1 gc, windows-amd64)
# No core dump will be written. Minidumps are not enabled by default on client versions of Windows
#

---------------  S U M M A R Y ------------

Command Line: --add-opens=java.base/java.lang=ALL-UNNAMED --add-opens=java.base/java.lang.invoke=ALL-UNNAMED --add-opens=java.base/java.util=ALL-UNNAMED --add-opens=java.prefs/java.util.prefs=ALL-UNNAMED --add-exports=jdk.compiler/com.sun.tools.javac.api=ALL-UNNAMED --add-exports=jdk.compiler/com.sun.tools.javac.util=ALL-UNNAMED --add-opens=java.base/java.util=ALL-UNNAMED --add-opens=java.prefs/java.util.prefs=ALL-UNNAMED --add-opens=java.base/java.nio.charset=ALL-UNNAMED --add-opens=java.base/java.net=ALL-UNNAMED --add-opens=java.base/java.util.concurrent.atomic=ALL-UNNAMED --add-opens=java.xml/javax.xml.namespace=ALL-UNNAMED -XX:MaxMetaspaceSize=384m -XX:+HeapDumpOnOutOfMemoryError -Xms256m -Xmx512m -Dfile.encoding=UTF-8 -Duser.country=MX -Duser.language=es -Duser.variant -javaagent:C:\Users\youde\.gradle\wrapper\dists\gradle-8.14.3-bin\cv11ve7ro1n3o1j4so8xd9n66\gradle-8.14.3\lib\agents\gradle-instrumentation-agent-8.14.3.jar org.gradle.launcher.daemon.bootstrap.GradleDaemon 8.14.3

Host: 11th Gen Intel(R) Core(TM) i5-11300H @ 3.10GHz, 8 cores, 7G,  Windows 10 , 64 bit Build 19041 (10.0.19041.5915)
Time: Wed Aug  6 22:29:32 2025 Hora estándar central (México) elapsed time: 5.193992 seconds (0d 0h 0m 5s)

---------------  T H R E A D  ---------------

Current thread (0x000001ce4c568be0):  JavaThread "C2 CompilerThread1" daemon [_thread_in_native, id=10172, stack(0x0000005971e00000,0x0000005971f00000)]


Current CompileTask:
C2:   5194 3309   !   4       java.net.URLClassLoader::findClass (47 bytes)

Stack: [0x0000005971e00000,0x0000005971f00000]
Native frames: (J=compiled Java code, j=interpreted, Vv=VM code, C=native code)
V  [jvm.dll+0x67a04a]
V  [jvm.dll+0x7da4ed]
V  [jvm.dll+0x7dbe33]
V  [jvm.dll+0x7dc4a3]
V  [jvm.dll+0x24508f]
V  [jvm.dll+0xab773]
V  [jvm.dll+0xabd3c]
V  [jvm.dll+0x361b9f]
V  [jvm.dll+0x32c431]
V  [jvm.dll+0x32b8ca]
V  [jvm.dll+0x21683f]
V  [jvm.dll+0x215c6f]
V  [jvm.dll+0x1a2960]
V  [jvm.dll+0x22610b]
V  [jvm.dll+0x2242ab]
V  [jvm.dll+0x79075c]
V  [jvm.dll+0x78abea]
V  [jvm.dll+0x678f35]
C  [ucrtbase.dll+0x21bb2]
C  [KERNEL32.DLL+0x17374]
C  [ntdll.dll+0x4cc91]


---------------  P R O C E S S  ---------------

Threads class SMR info:
_java_thread_list=0x000001ce4ce1e180, length=38, elements={
0x000001ce160fa630, 0x000001ce30a28060, 0x000001ce30a28930, 0x000001ce30a3cfe0,
0x000001ce30a3d8b0, 0x000001ce30a3e180, 0x000001ce30a3ea50, 0x000001ce30a3fb10,
0x000001ce30a404d0, 0x000001ce30a4bb40, 0x000001ce30c726c0, 0x000001ce30c721b0,
0x000001ce30c74a30, 0x000001ce30c74520, 0x000001ce30c74f40, 0x000001ce30c72bd0,
0x000001ce30c730e0, 0x000001ce30c75450, 0x000001ce30c735f0, 0x000001ce30c73b00,
0x000001ce30c74010, 0x000001ce4b8b9f80, 0x000001ce4b8b5390, 0x000001ce4b8b4e80,
0x000001ce4b8b8630, 0x000001ce4c568be0, 0x000001ce4b8b9a70, 0x000001ce4b8b9050,
0x000001ce4b8ba490, 0x000001ce4b8b67d0, 0x000001ce4b8baeb0, 0x000001ce4b8b62c0,
0x000001ce4b8ba9a0, 0x000001ce4b8bb3c0, 0x000001ce4b8b8120, 0x000001ce4b8b71f0,
0x000001ce4b8b58a0, 0x000001ce4b8b7700
}

Java Threads: ( => current thread )
  0x000001ce160fa630 JavaThread "main" [_thread_blocked, id=13048, stack(0x000000596f900000,0x000000596fa00000)]
  0x000001ce30a28060 JavaThread "Reference Handler" daemon [_thread_blocked, id=4392, stack(0x0000005970000000,0x0000005970100000)]
  0x000001ce30a28930 JavaThread "Finalizer" daemon [_thread_blocked, id=18736, stack(0x0000005970100000,0x0000005970200000)]
  0x000001ce30a3cfe0 JavaThread "Signal Dispatcher" daemon [_thread_blocked, id=16316, stack(0x0000005970200000,0x0000005970300000)]
  0x000001ce30a3d8b0 JavaThread "Attach Listener" daemon [_thread_blocked, id=26064, stack(0x0000005970300000,0x0000005970400000)]
  0x000001ce30a3e180 JavaThread "Service Thread" daemon [_thread_blocked, id=18412, stack(0x0000005970400000,0x0000005970500000)]
  0x000001ce30a3ea50 JavaThread "Monitor Deflation Thread" daemon [_thread_blocked, id=12688, stack(0x0000005970500000,0x0000005970600000)]
  0x000001ce30a3fb10 JavaThread "C2 CompilerThread0" daemon [_thread_in_native, id=25464, stack(0x0000005970600000,0x0000005970700000)]
  0x000001ce30a404d0 JavaThread "C1 CompilerThread0" daemon [_thread_blocked, id=9576, stack(0x0000005970700000,0x0000005970800000)]
  0x000001ce30a4bb40 JavaThread "Sweeper thread" daemon [_thread_blocked, id=15612, stack(0x0000005970800000,0x0000005970900000)]
  0x000001ce30c726c0 JavaThread "Common-Cleaner" daemon [_thread_blocked, id=5264, stack(0x0000005970900000,0x0000005970a00000)]
  0x000001ce30c721b0 JavaThread "Notification Thread" daemon [_thread_blocked, id=25004, stack(0x0000005970a00000,0x0000005970b00000)]
  0x000001ce30c74a30 JavaThread "Daemon health stats" [_thread_blocked, id=21712, stack(0x0000005971200000,0x0000005971300000)]
  0x000001ce30c74520 JavaThread "Incoming local TCP Connector on port 61498" [_thread_in_native, id=29776, stack(0x0000005971300000,0x0000005971400000)]
  0x000001ce30c74f40 JavaThread "Daemon periodic checks" [_thread_blocked, id=20900, stack(0x0000005971400000,0x0000005971500000)]
  0x000001ce30c72bd0 JavaThread "Daemon" [_thread_blocked, id=23252, stack(0x0000005971500000,0x0000005971600000)]
  0x000001ce30c730e0 JavaThread "Handler for socket connection from /127.0.0.1:61498 to /127.0.0.1:61499" [_thread_in_native, id=27840, stack(0x0000005971600000,0x0000005971700000)]
  0x000001ce30c75450 JavaThread "Cancel handler" [_thread_blocked, id=19892, stack(0x0000005971700000,0x0000005971800000)]
  0x000001ce30c735f0 JavaThread "Daemon worker" [_thread_in_vm, id=1460, stack(0x0000005971800000,0x0000005971900000)]
  0x000001ce30c73b00 JavaThread "Asynchronous log dispatcher for DefaultDaemonConnection: socket connection from /127.0.0.1:61498 to /127.0.0.1:61499" [_thread_blocked, id=29028, stack(0x0000005971900000,0x0000005971a00000)]
  0x000001ce30c74010 JavaThread "Stdin handler" [_thread_blocked, id=5796, stack(0x0000005971a00000,0x0000005971b00000)]
  0x000001ce4b8b9f80 JavaThread "Daemon client event forwarder" [_thread_blocked, id=29684, stack(0x0000005971b00000,0x0000005971c00000)]
  0x000001ce4b8b5390 JavaThread "Cache worker for journal cache (C:\Users\youde\.gradle\caches\journal-1)" [_thread_blocked, id=9960, stack(0x0000005971100000,0x0000005971200000)]
  0x000001ce4b8b4e80 JavaThread "File lock request listener" [_thread_in_native, id=21296, stack(0x0000005971c00000,0x0000005971d00000)]
  0x000001ce4b8b8630 JavaThread "Cache worker for file hash cache (C:\Users\youde\.gradle\caches\8.14.3\fileHashes)" [_thread_blocked, id=27672, stack(0x0000005971d00000,0x0000005971e00000)]
=>0x000001ce4c568be0 JavaThread "C2 CompilerThread1" daemon [_thread_in_native, id=10172, stack(0x0000005971e00000,0x0000005971f00000)]
  0x000001ce4b8b9a70 JavaThread "Cache worker for file hash cache (D:\PROYECTO-INTEGRADOR2\BackEnd_Net-Shopping\.gradle\8.14.3\fileHashes)" [_thread_blocked, id=8876, stack(0x0000005971f00000,0x0000005972000000)]
  0x000001ce4b8b9050 JavaThread "Cache worker for Build Output Cleanup Cache (D:\PROYECTO-INTEGRADOR2\BackEnd_Net-Shopping\.gradle\buildOutputCleanup)" [_thread_blocked, id=24004, stack(0x0000005972000000,0x0000005972100000)]
  0x000001ce4b8ba490 JavaThread "File watcher server" daemon [_thread_in_native, id=14220, stack(0x0000005972400000,0x0000005972500000)]
  0x000001ce4b8b67d0 JavaThread "File watcher consumer" daemon [_thread_blocked, id=17508, stack(0x0000005972500000,0x0000005972600000)]
  0x000001ce4b8baeb0 JavaThread "jar transforms" [_thread_blocked, id=18548, stack(0x0000005972600000,0x0000005972700000)]
  0x000001ce4b8b62c0 JavaThread "jar transforms Thread 2" [_thread_blocked, id=6936, stack(0x0000005972700000,0x0000005972800000)]
  0x000001ce4b8ba9a0 JavaThread "jar transforms Thread 3" [_thread_blocked, id=10424, stack(0x0000005972800000,0x0000005972900000)]
  0x000001ce4b8bb3c0 JavaThread "jar transforms Thread 4" [_thread_blocked, id=15296, stack(0x0000005972900000,0x0000005972a00000)]
  0x000001ce4b8b8120 JavaThread "jar transforms Thread 5" [_thread_blocked, id=19780, stack(0x0000005972a00000,0x0000005972b00000)]
  0x000001ce4b8b71f0 JavaThread "jar transforms Thread 6" [_thread_blocked, id=29680, stack(0x0000005972b00000,0x0000005972c00000)]
  0x000001ce4b8b58a0 JavaThread "jar transforms Thread 7" [_thread_blocked, id=8760, stack(0x0000005972c00000,0x0000005972d00000)]
  0x000001ce4b8b7700 JavaThread "jar transforms Thread 8" [_thread_blocked, id=12680, stack(0x0000005972d00000,0x0000005972e00000)]

Other Threads:
  0x000001ce30a21790 VMThread "VM Thread" [stack: 0x000000596ff00000,0x0000005970000000] [id=14716]
  0x000001ce1617a550 WatcherThread [stack: 0x0000005970b00000,0x0000005970c00000] [id=6492]
  0x000001ce161269b0 GCTaskThread "GC Thread#0" [stack: 0x000000596fa00000,0x000000596fb00000] [id=26324]
  0x000001ce30f72810 GCTaskThread "GC Thread#1" [stack: 0x0000005970c00000,0x0000005970d00000] [id=8844]
  0x000001ce30e965d0 GCTaskThread "GC Thread#2" [stack: 0x0000005970d00000,0x0000005970e00000] [id=7188]
  0x000001ce30e1a890 GCTaskThread "GC Thread#3" [stack: 0x0000005970e00000,0x0000005970f00000] [id=15508]
  0x000001ce30e1ab50 GCTaskThread "GC Thread#4" [stack: 0x0000005970f00000,0x0000005971000000] [id=30268]
  0x000001ce30e1ae10 GCTaskThread "GC Thread#5" [stack: 0x0000005971000000,0x0000005971100000] [id=19884]
  0x000001ce4bde99d0 GCTaskThread "GC Thread#6" [stack: 0x0000005972100000,0x0000005972200000] [id=6280]
  0x000001ce4bde9190 GCTaskThread "GC Thread#7" [stack: 0x0000005972200000,0x0000005972300000] [id=20840]
  0x000001ce1612b5b0 ConcurrentGCThread "G1 Main Marker" [stack: 0x000000596fb00000,0x000000596fc00000] [id=22584]
  0x000001ce1612bc70 ConcurrentGCThread "G1 Conc#0" [stack: 0x000000596fc00000,0x000000596fd00000] [id=23364]
  0x000001ce4bde8690 ConcurrentGCThread "G1 Conc#1" [stack: 0x0000005972300000,0x0000005972400000] [id=21824]
  0x000001ce161ce090 ConcurrentGCThread "G1 Refine#0" [stack: 0x000000596fd00000,0x000000596fe00000] [id=3776]
  0x000001ce161ce770 ConcurrentGCThread "G1 Service" [stack: 0x000000596fe00000,0x000000596ff00000] [id=8352]

Threads with active compile tasks:
C2 CompilerThread0     5217 3292   !   4       java.lang.ClassLoader::loadClass (121 bytes)
C2 CompilerThread1     5217 3309   !   4       java.net.URLClassLoader::findClass (47 bytes)

VM state: not at safepoint (normal execution)

VM Mutex/Monitor currently owned by a thread: None

Heap address: 0x00000000e0000000, size: 512 MB, Compressed Oops mode: 32-bit

CDS archive(s) mapped at: [0x000001ce31000000-0x000001ce31bd0000-0x000001ce31bd0000), size 12386304, SharedBaseAddress: 0x000001ce31000000, ArchiveRelocationMode: 1.
Compressed class space mapped at: 0x000001ce32000000-0x000001ce46000000, reserved size: 335544320
Narrow klass base: 0x000001ce31000000, Narrow klass shift: 0, Narrow klass range: 0x100000000

GC Precious Log:
 CPUs: 8 total, 8 available
 Memory: 7975M
 Large Page Support: Disabled
 NUMA Support: Disabled
 Compressed Oops: Enabled (32-bit)
 Heap Region Size: 1M
 Heap Min Capacity: 256M
 Heap Initial Capacity: 256M
 Heap Max Capacity: 512M
 Pre-touch: Disabled
 Parallel Workers: 8
 Concurrent Workers: 2
 Concurrent Refinement Workers: 8
 Periodic GC: Disabled

Heap:
 garbage-first heap   total 262144K, used 108685K [0x00000000e0000000, 0x0000000100000000)
  region size 1024K, 72 young (73728K), 12 survivors (12288K)
 Metaspace       used 28074K, committed 28544K, reserved 393216K
  class space    used 4215K, committed 4480K, reserved 327680K

Heap Regions: E=young(eden), S=young(survivor), O=old, HS=humongous(starts), HC=humongous(continues), CS=collection set, F=free, OA=open archive, CA=closed archive, TAMS=top-at-mark-start (previous, next)
|   0|0x00000000e0000000, 0x00000000e0100000, 0x00000000e0100000|100%|HS|  |TAMS 0x00000000e0100000, 0x00000000e0000000| Complete 
|   1|0x00000000e0100000, 0x00000000e0200000, 0x00000000e0200000|100%|HC|  |TAMS 0x00000000e0200000, 0x00000000e0100000| Complete 
|   2|0x00000000e0200000, 0x00000000e0300000, 0x00000000e0300000|100%|HC|  |TAMS 0x00000000e0300000, 0x00000000e0200000| Complete 
|   3|0x00000000e0300000, 0x00000000e0400000, 0x00000000e0400000|100%| O|  |TAMS 0x00000000e0400000, 0x00000000e0300000| Untracked 
|   4|0x00000000e0400000, 0x00000000e0500000, 0x00000000e0500000|100%| O|  |TAMS 0x00000000e0500000, 0x00000000e0400000| Untracked 
|   5|0x00000000e0500000, 0x00000000e0600000, 0x00000000e0600000|100%| O|  |TAMS 0x00000000e0600000, 0x00000000e0500000| Untracked 
|   6|0x00000000e0600000, 0x00000000e0700000, 0x00000000e0700000|100%|HS|  |TAMS 0x00000000e0700000, 0x00000000e0600000| Complete 
|   7|0x00000000e0700000, 0x00000000e0800000, 0x00000000e0800000|100%|HS|  |TAMS 0x00000000e0700000, 0x00000000e0700000| Complete 
|   8|0x00000000e0800000, 0x00000000e0900000, 0x00000000e0900000|100%| O|  |TAMS 0x00000000e0900000, 0x00000000e0800000| Untracked 
|   9|0x00000000e0900000, 0x00000000e0a00000, 0x00000000e0a00000|100%| O|  |TAMS 0x00000000e0a00000, 0x00000000e0900000| Untracked 
|  10|0x00000000e0a00000, 0x00000000e0b00000, 0x00000000e0b00000|100%| O|  |TAMS 0x00000000e0b00000, 0x00000000e0a00000| Untracked 
|  11|0x00000000e0b00000, 0x00000000e0c00000, 0x00000000e0c00000|100%| O|  |TAMS 0x00000000e0c00000, 0x00000000e0b00000| Untracked 
|  12|0x00000000e0c00000, 0x00000000e0c82c00, 0x00000000e0d00000| 51%| O|  |TAMS 0x00000000e0c82c00, 0x00000000e0c00000| Untracked 
|  13|0x00000000e0d00000, 0x00000000e0e00000, 0x00000000e0e00000|100%|HS|  |TAMS 0x00000000e0d00000, 0x00000000e0d00000| Complete 
|  14|0x00000000e0e00000, 0x00000000e0f00000, 0x00000000e0f00000|100%|HC|  |TAMS 0x00000000e0e00000, 0x00000000e0e00000| Complete 
|  15|0x00000000e0f00000, 0x00000000e1000000, 0x00000000e1000000|100%|HC|  |TAMS 0x00000000e0f00000, 0x00000000e0f00000| Complete 
|  16|0x00000000e1000000, 0x00000000e1100000, 0x00000000e1100000|100%|HC|  |TAMS 0x00000000e1000000, 0x00000000e1000000| Complete 
|  17|0x00000000e1100000, 0x00000000e1200000, 0x00000000e1200000|100%|HC|  |TAMS 0x00000000e1100000, 0x00000000e1100000| Complete 
|  18|0x00000000e1200000, 0x00000000e1300000, 0x00000000e1300000|100%|HC|  |TAMS 0x00000000e1200000, 0x00000000e1200000| Complete 
|  19|0x00000000e1300000, 0x00000000e1400000, 0x00000000e1400000|100%|HS|  |TAMS 0x00000000e1300000, 0x00000000e1300000| Complete 
|  20|0x00000000e1400000, 0x00000000e1500000, 0x00000000e1500000|100%|HC|  |TAMS 0x00000000e1400000, 0x00000000e1400000| Complete 
|  21|0x00000000e1500000, 0x00000000e1600000, 0x00000000e1600000|100%|HC|  |TAMS 0x00000000e1500000, 0x00000000e1500000| Complete 
|  22|0x00000000e1600000, 0x00000000e1700000, 0x00000000e1700000|100%|HS|  |TAMS 0x00000000e1600000, 0x00000000e1600000| Complete 
|  23|0x00000000e1700000, 0x00000000e1800000, 0x00000000e1800000|100%|HC|  |TAMS 0x00000000e1700000, 0x00000000e1700000| Complete 
|  24|0x00000000e1800000, 0x00000000e1900000, 0x00000000e1900000|100%|HS|  |TAMS 0x00000000e1800000, 0x00000000e1800000| Complete 
|  25|0x00000000e1900000, 0x00000000e1a00000, 0x00000000e1a00000|100%|HC|  |TAMS 0x00000000e1900000, 0x00000000e1900000| Complete 
|  26|0x00000000e1a00000, 0x00000000e1b00000, 0x00000000e1b00000|100%|HC|  |TAMS 0x00000000e1a00000, 0x00000000e1a00000| Complete 
|  27|0x00000000e1b00000, 0x00000000e1c00000, 0x00000000e1c00000|100%|HC|  |TAMS 0x00000000e1b00000, 0x00000000e1b00000| Complete 
|  28|0x00000000e1c00000, 0x00000000e1d00000, 0x00000000e1d00000|100%|HC|  |TAMS 0x00000000e1c00000, 0x00000000e1c00000| Complete 
|  29|0x00000000e1d00000, 0x00000000e1e00000, 0x00000000e1e00000|100%|HC|  |TAMS 0x00000000e1d00000, 0x00000000e1d00000| Complete 
|  30|0x00000000e1e00000, 0x00000000e1f00000, 0x00000000e1f00000|100%|HS|  |TAMS 0x00000000e1e00000, 0x00000000e1e00000| Complete 
|  31|0x00000000e1f00000, 0x00000000e2000000, 0x00000000e2000000|100%|HC|  |TAMS 0x00000000e1f00000, 0x00000000e1f00000| Complete 
|  32|0x00000000e2000000, 0x00000000e2100000, 0x00000000e2100000|100%|HC|  |TAMS 0x00000000e2000000, 0x00000000e2000000| Complete 
|  33|0x00000000e2100000, 0x00000000e2200000, 0x00000000e2200000|100%|HS|  |TAMS 0x00000000e2100000, 0x00000000e2100000| Complete 
|  34|0x00000000e2200000, 0x00000000e2300000, 0x00000000e2300000|100%|HC|  |TAMS 0x00000000e2200000, 0x00000000e2200000| Complete 
|  35|0x00000000e2300000, 0x00000000e2400000, 0x00000000e2400000|100%|HS|  |TAMS 0x00000000e2300000, 0x00000000e2300000| Complete 
|  36|0x00000000e2400000, 0x00000000e2400000, 0x00000000e2500000|  0%| F|  |TAMS 0x00000000e2400000, 0x00000000e2400000| Untracked 
|  37|0x00000000e2500000, 0x00000000e2500000, 0x00000000e2600000|  0%| F|  |TAMS 0x00000000e2500000, 0x00000000e2500000| Untracked 
|  38|0x00000000e2600000, 0x00000000e2600000, 0x00000000e2700000|  0%| F|  |TAMS 0x00000000e2600000, 0x00000000e2600000| Untracked 
|  39|0x00000000e2700000, 0x00000000e2700000, 0x00000000e2800000|  0%| F|  |TAMS 0x00000000e2700000, 0x00000000e2700000| Untracked 
|  40|0x00000000e2800000, 0x00000000e2800000, 0x00000000e2900000|  0%| F|  |TAMS 0x00000000e2800000, 0x00000000e2800000| Untracked 
|  41|0x00000000e2900000, 0x00000000e2900000, 0x00000000e2a00000|  0%| F|  |TAMS 0x00000000e2900000, 0x00000000e2900000| Untracked 
|  42|0x00000000e2a00000, 0x00000000e2a00000, 0x00000000e2b00000|  0%| F|  |TAMS 0x00000000e2a00000, 0x00000000e2a00000| Untracked 
|  43|0x00000000e2b00000, 0x00000000e2b00000, 0x00000000e2c00000|  0%| F|  |TAMS 0x00000000e2b00000, 0x00000000e2b00000| Untracked 
|  44|0x00000000e2c00000, 0x00000000e2c00000, 0x00000000e2d00000|  0%| F|  |TAMS 0x00000000e2c00000, 0x00000000e2c00000| Untracked 
|  45|0x00000000e2d00000, 0x00000000e2d00000, 0x00000000e2e00000|  0%| F|  |TAMS 0x00000000e2d00000, 0x00000000e2d00000| Untracked 
|  46|0x00000000e2e00000, 0x00000000e2e00000, 0x00000000e2f00000|  0%| F|  |TAMS 0x00000000e2e00000, 0x00000000e2e00000| Untracked 
|  47|0x00000000e2f00000, 0x00000000e2f00000, 0x00000000e3000000|  0%| F|  |TAMS 0x00000000e2f00000, 0x00000000e2f00000| Untracked 
|  48|0x00000000e3000000, 0x00000000e3000000, 0x00000000e3100000|  0%| F|  |TAMS 0x00000000e3000000, 0x00000000e3000000| Untracked 
|  49|0x00000000e3100000, 0x00000000e3100000, 0x00000000e3200000|  0%| F|  |TAMS 0x00000000e3100000, 0x00000000e3100000| Untracked 
|  50|0x00000000e3200000, 0x00000000e3200000, 0x00000000e3300000|  0%| F|  |TAMS 0x00000000e3200000, 0x00000000e3200000| Untracked 
|  51|0x00000000e3300000, 0x00000000e3300000, 0x00000000e3400000|  0%| F|  |TAMS 0x00000000e3300000, 0x00000000e3300000| Untracked 
|  52|0x00000000e3400000, 0x00000000e3400000, 0x00000000e3500000|  0%| F|  |TAMS 0x00000000e3400000, 0x00000000e3400000| Untracked 
|  53|0x00000000e3500000, 0x00000000e3500000, 0x00000000e3600000|  0%| F|  |TAMS 0x00000000e3500000, 0x00000000e3500000| Untracked 
|  54|0x00000000e3600000, 0x00000000e3600000, 0x00000000e3700000|  0%| F|  |TAMS 0x00000000e3600000, 0x00000000e3600000| Untracked 
|  55|0x00000000e3700000, 0x00000000e3700000, 0x00000000e3800000|  0%| F|  |TAMS 0x00000000e3700000, 0x00000000e3700000| Untracked 
|  56|0x00000000e3800000, 0x00000000e3800000, 0x00000000e3900000|  0%| F|  |TAMS 0x00000000e3800000, 0x00000000e3800000| Untracked 
|  57|0x00000000e3900000, 0x00000000e3900000, 0x00000000e3a00000|  0%| F|  |TAMS 0x00000000e3900000, 0x00000000e3900000| Untracked 
|  58|0x00000000e3a00000, 0x00000000e3a00000, 0x00000000e3b00000|  0%| F|  |TAMS 0x00000000e3a00000, 0x00000000e3a00000| Untracked 
|  59|0x00000000e3b00000, 0x00000000e3b00000, 0x00000000e3c00000|  0%| F|  |TAMS 0x00000000e3b00000, 0x00000000e3b00000| Untracked 
|  60|0x00000000e3c00000, 0x00000000e3c00000, 0x00000000e3d00000|  0%| F|  |TAMS 0x00000000e3c00000, 0x00000000e3c00000| Untracked 
|  61|0x00000000e3d00000, 0x00000000e3d00000, 0x00000000e3e00000|  0%| F|  |TAMS 0x00000000e3d00000, 0x00000000e3d00000| Untracked 
|  62|0x00000000e3e00000, 0x00000000e3e00000, 0x00000000e3f00000|  0%| F|  |TAMS 0x00000000e3e00000, 0x00000000e3e00000| Untracked 
|  63|0x00000000e3f00000, 0x00000000e3f00000, 0x00000000e4000000|  0%| F|  |TAMS 0x00000000e3f00000, 0x00000000e3f00000| Untracked 
|  64|0x00000000e4000000, 0x00000000e4000000, 0x00000000e4100000|  0%| F|  |TAMS 0x00000000e4000000, 0x00000000e4000000| Untracked 
|  65|0x00000000e4100000, 0x00000000e4100000, 0x00000000e4200000|  0%| F|  |TAMS 0x00000000e4100000, 0x00000000e4100000| Untracked 
|  66|0x00000000e4200000, 0x00000000e4200000, 0x00000000e4300000|  0%| F|  |TAMS 0x00000000e4200000, 0x00000000e4200000| Untracked 
|  67|0x00000000e4300000, 0x00000000e4300000, 0x00000000e4400000|  0%| F|  |TAMS 0x00000000e4300000, 0x00000000e4300000| Untracked 
|  68|0x00000000e4400000, 0x00000000e4400000, 0x00000000e4500000|  0%| F|  |TAMS 0x00000000e4400000, 0x00000000e4400000| Untracked 
|  69|0x00000000e4500000, 0x00000000e4500000, 0x00000000e4600000|  0%| F|  |TAMS 0x00000000e4500000, 0x00000000e4500000| Untracked 
|  70|0x00000000e4600000, 0x00000000e4600000, 0x00000000e4700000|  0%| F|  |TAMS 0x00000000e4600000, 0x00000000e4600000| Untracked 
|  71|0x00000000e4700000, 0x00000000e4700000, 0x00000000e4800000|  0%| F|  |TAMS 0x00000000e4700000, 0x00000000e4700000| Untracked 
|  72|0x00000000e4800000, 0x00000000e4800000, 0x00000000e4900000|  0%| F|  |TAMS 0x00000000e4800000, 0x00000000e4800000| Untracked 
|  73|0x00000000e4900000, 0x00000000e4900000, 0x00000000e4a00000|  0%| F|  |TAMS 0x00000000e4900000, 0x00000000e4900000| Untracked 
|  74|0x00000000e4a00000, 0x00000000e4a00000, 0x00000000e4b00000|  0%| F|  |TAMS 0x00000000e4a00000, 0x00000000e4a00000| Untracked 
|  75|0x00000000e4b00000, 0x00000000e4b00000, 0x00000000e4c00000|  0%| F|  |TAMS 0x00000000e4b00000, 0x00000000e4b00000| Untracked 
|  76|0x00000000e4c00000, 0x00000000e4c00000, 0x00000000e4d00000|  0%| F|  |TAMS 0x00000000e4c00000, 0x00000000e4c00000| Untracked 
|  77|0x00000000e4d00000, 0x00000000e4d00000, 0x00000000e4e00000|  0%| F|  |TAMS 0x00000000e4d00000, 0x00000000e4d00000| Untracked 
|  78|0x00000000e4e00000, 0x00000000e4e00000, 0x00000000e4f00000|  0%| F|  |TAMS 0x00000000e4e00000, 0x00000000e4e00000| Untracked 
|  79|0x00000000e4f00000, 0x00000000e4f00000, 0x00000000e5000000|  0%| F|  |TAMS 0x00000000e4f00000, 0x00000000e4f00000| Untracked 
|  80|0x00000000e5000000, 0x00000000e5000000, 0x00000000e5100000|  0%| F|  |TAMS 0x00000000e5000000, 0x00000000e5000000| Untracked 
|  81|0x00000000e5100000, 0x00000000e5100000, 0x00000000e5200000|  0%| F|  |TAMS 0x00000000e5100000, 0x00000000e5100000| Untracked 
|  82|0x00000000e5200000, 0x00000000e5200000, 0x00000000e5300000|  0%| F|  |TAMS 0x00000000e5200000, 0x00000000e5200000| Untracked 
|  83|0x00000000e5300000, 0x00000000e5300000, 0x00000000e5400000|  0%| F|  |TAMS 0x00000000e5300000, 0x00000000e5300000| Untracked 
|  84|0x00000000e5400000, 0x00000000e5400000, 0x00000000e5500000|  0%| F|  |TAMS 0x00000000e5400000, 0x00000000e5400000| Untracked 
|  85|0x00000000e5500000, 0x00000000e5500000, 0x00000000e5600000|  0%| F|  |TAMS 0x00000000e5500000, 0x00000000e5500000| Untracked 
|  86|0x00000000e5600000, 0x00000000e5600000, 0x00000000e5700000|  0%| F|  |TAMS 0x00000000e5600000, 0x00000000e5600000| Untracked 
|  87|0x00000000e5700000, 0x00000000e5700000, 0x00000000e5800000|  0%| F|  |TAMS 0x00000000e5700000, 0x00000000e5700000| Untracked 
|  88|0x00000000e5800000, 0x00000000e5800000, 0x00000000e5900000|  0%| F|  |TAMS 0x00000000e5800000, 0x00000000e5800000| Untracked 
|  89|0x00000000e5900000, 0x00000000e5900000, 0x00000000e5a00000|  0%| F|  |TAMS 0x00000000e5900000, 0x00000000e5900000| Untracked 
|  90|0x00000000e5a00000, 0x00000000e5a00000, 0x00000000e5b00000|  0%| F|  |TAMS 0x00000000e5a00000, 0x00000000e5a00000| Untracked 
|  91|0x00000000e5b00000, 0x00000000e5b00000, 0x00000000e5c00000|  0%| F|  |TAMS 0x00000000e5b00000, 0x00000000e5b00000| Untracked 
|  92|0x00000000e5c00000, 0x00000000e5c00000, 0x00000000e5d00000|  0%| F|  |TAMS 0x00000000e5c00000, 0x00000000e5c00000| Untracked 
|  93|0x00000000e5d00000, 0x00000000e5d00000, 0x00000000e5e00000|  0%| F|  |TAMS 0x00000000e5d00000, 0x00000000e5d00000| Untracked 
|  94|0x00000000e5e00000, 0x00000000e5e00000, 0x00000000e5f00000|  0%| F|  |TAMS 0x00000000e5e00000, 0x00000000e5e00000| Untracked 
|  95|0x00000000e5f00000, 0x00000000e5f00000, 0x00000000e6000000|  0%| F|  |TAMS 0x00000000e5f00000, 0x00000000e5f00000| Untracked 
|  96|0x00000000e6000000, 0x00000000e6000000, 0x00000000e6100000|  0%| F|  |TAMS 0x00000000e6000000, 0x00000000e6000000| Untracked 
|  97|0x00000000e6100000, 0x00000000e6100000, 0x00000000e6200000|  0%| F|  |TAMS 0x00000000e6100000, 0x00000000e6100000| Untracked 
|  98|0x00000000e6200000, 0x00000000e6200000, 0x00000000e6300000|  0%| F|  |TAMS 0x00000000e6200000, 0x00000000e6200000| Untracked 
|  99|0x00000000e6300000, 0x00000000e6300000, 0x00000000e6400000|  0%| F|  |TAMS 0x00000000e6300000, 0x00000000e6300000| Untracked 
| 100|0x00000000e6400000, 0x00000000e6400000, 0x00000000e6500000|  0%| F|  |TAMS 0x00000000e6400000, 0x00000000e6400000| Untracked 
| 101|0x00000000e6500000, 0x00000000e6500000, 0x00000000e6600000|  0%| F|  |TAMS 0x00000000e6500000, 0x00000000e6500000| Untracked 
| 102|0x00000000e6600000, 0x00000000e6600000, 0x00000000e6700000|  0%| F|  |TAMS 0x00000000e6600000, 0x00000000e6600000| Untracked 
| 103|0x00000000e6700000, 0x00000000e6700000, 0x00000000e6800000|  0%| F|  |TAMS 0x00000000e6700000, 0x00000000e6700000| Untracked 
| 104|0x00000000e6800000, 0x00000000e6800000, 0x00000000e6900000|  0%| F|  |TAMS 0x00000000e6800000, 0x00000000e6800000| Untracked 
| 105|0x00000000e6900000, 0x00000000e6900000, 0x00000000e6a00000|  0%| F|  |TAMS 0x00000000e6900000, 0x00000000e6900000| Untracked 
| 106|0x00000000e6a00000, 0x00000000e6a00000, 0x00000000e6b00000|  0%| F|  |TAMS 0x00000000e6a00000, 0x00000000e6a00000| Untracked 
| 107|0x00000000e6b00000, 0x00000000e6b00000, 0x00000000e6c00000|  0%| F|  |TAMS 0x00000000e6b00000, 0x00000000e6b00000| Untracked 
| 108|0x00000000e6c00000, 0x00000000e6c00000, 0x00000000e6d00000|  0%| F|  |TAMS 0x00000000e6c00000, 0x00000000e6c00000| Untracked 
| 109|0x00000000e6d00000, 0x00000000e6d00000, 0x00000000e6e00000|  0%| F|  |TAMS 0x00000000e6d00000, 0x00000000e6d00000| Untracked 
| 110|0x00000000e6e00000, 0x00000000e6e00000, 0x00000000e6f00000|  0%| F|  |TAMS 0x00000000e6e00000, 0x00000000e6e00000| Untracked 
| 111|0x00000000e6f00000, 0x00000000e6f00000, 0x00000000e7000000|  0%| F|  |TAMS 0x00000000e6f00000, 0x00000000e6f00000| Untracked 
| 112|0x00000000e7000000, 0x00000000e7000000, 0x00000000e7100000|  0%| F|  |TAMS 0x00000000e7000000, 0x00000000e7000000| Untracked 
| 113|0x00000000e7100000, 0x00000000e7100000, 0x00000000e7200000|  0%| F|  |TAMS 0x00000000e7100000, 0x00000000e7100000| Untracked 
| 114|0x00000000e7200000, 0x00000000e7200000, 0x00000000e7300000|  0%| F|  |TAMS 0x00000000e7200000, 0x00000000e7200000| Untracked 
| 115|0x00000000e7300000, 0x00000000e7300000, 0x00000000e7400000|  0%| F|  |TAMS 0x00000000e7300000, 0x00000000e7300000| Untracked 
| 116|0x00000000e7400000, 0x00000000e7400000, 0x00000000e7500000|  0%| F|  |TAMS 0x00000000e7400000, 0x00000000e7400000| Untracked 
| 117|0x00000000e7500000, 0x00000000e7500000, 0x00000000e7600000|  0%| F|  |TAMS 0x00000000e7500000, 0x00000000e7500000| Untracked 
| 118|0x00000000e7600000, 0x00000000e7600000, 0x00000000e7700000|  0%| F|  |TAMS 0x00000000e7600000, 0x00000000e7600000| Untracked 
| 119|0x00000000e7700000, 0x00000000e7700000, 0x00000000e7800000|  0%| F|  |TAMS 0x00000000e7700000, 0x00000000e7700000| Untracked 
| 120|0x00000000e7800000, 0x00000000e7800000, 0x00000000e7900000|  0%| F|  |TAMS 0x00000000e7800000, 0x00000000e7800000| Untracked 
| 121|0x00000000e7900000, 0x00000000e7900000, 0x00000000e7a00000|  0%| F|  |TAMS 0x00000000e7900000, 0x00000000e7900000| Untracked 
| 122|0x00000000e7a00000, 0x00000000e7a00000, 0x00000000e7b00000|  0%| F|  |TAMS 0x00000000e7a00000, 0x00000000e7a00000| Untracked 
| 123|0x00000000e7b00000, 0x00000000e7b00000, 0x00000000e7c00000|  0%| F|  |TAMS 0x00000000e7b00000, 0x00000000e7b00000| Untracked 
| 124|0x00000000e7c00000, 0x00000000e7c00000, 0x00000000e7d00000|  0%| F|  |TAMS 0x00000000e7c00000, 0x00000000e7c00000| Untracked 
| 125|0x00000000e7d00000, 0x00000000e7d00000, 0x00000000e7e00000|  0%| F|  |TAMS 0x00000000e7d00000, 0x00000000e7d00000| Untracked 
| 126|0x00000000e7e00000, 0x00000000e7e00000, 0x00000000e7f00000|  0%| F|  |TAMS 0x00000000e7e00000, 0x00000000e7e00000| Untracked 
| 127|0x00000000e7f00000, 0x00000000e7f00000, 0x00000000e8000000|  0%| F|  |TAMS 0x00000000e7f00000, 0x00000000e7f00000| Untracked 
| 128|0x00000000e8000000, 0x00000000e8000000, 0x00000000e8100000|  0%| F|  |TAMS 0x00000000e8000000, 0x00000000e8000000| Untracked 
| 129|0x00000000e8100000, 0x00000000e8100000, 0x00000000e8200000|  0%| F|  |TAMS 0x00000000e8100000, 0x00000000e8100000| Untracked 
| 130|0x00000000e8200000, 0x00000000e8200000, 0x00000000e8300000|  0%| F|  |TAMS 0x00000000e8200000, 0x00000000e8200000| Untracked 
| 131|0x00000000e8300000, 0x00000000e8300000, 0x00000000e8400000|  0%| F|  |TAMS 0x00000000e8300000, 0x00000000e8300000| Untracked 
| 132|0x00000000e8400000, 0x00000000e8400000, 0x00000000e8500000|  0%| F|  |TAMS 0x00000000e8400000, 0x00000000e8400000| Untracked 
| 133|0x00000000e8500000, 0x00000000e8500000, 0x00000000e8600000|  0%| F|  |TAMS 0x00000000e8500000, 0x00000000e8500000| Untracked 
| 134|0x00000000e8600000, 0x00000000e8600000, 0x00000000e8700000|  0%| F|  |TAMS 0x00000000e8600000, 0x00000000e8600000| Untracked 
| 135|0x00000000e8700000, 0x00000000e8700000, 0x00000000e8800000|  0%| F|  |TAMS 0x00000000e8700000, 0x00000000e8700000| Untracked 
| 136|0x00000000e8800000, 0x00000000e8800000, 0x00000000e8900000|  0%| F|  |TAMS 0x00000000e8800000, 0x00000000e8800000| Untracked 
| 137|0x00000000e8900000, 0x00000000e89a0aa0, 0x00000000e8a00000| 62%| S|CS|TAMS 0x00000000e8900000, 0x00000000e8900000| Complete 
| 138|0x00000000e8a00000, 0x00000000e8b00000, 0x00000000e8b00000|100%| S|CS|TAMS 0x00000000e8a00000, 0x00000000e8a00000| Complete 
| 139|0x00000000e8b00000, 0x00000000e8c00000, 0x00000000e8c00000|100%| S|CS|TAMS 0x00000000e8b00000, 0x00000000e8b00000| Complete 
| 140|0x00000000e8c00000, 0x00000000e8d00000, 0x00000000e8d00000|100%| S|CS|TAMS 0x00000000e8c00000, 0x00000000e8c00000| Complete 
| 141|0x00000000e8d00000, 0x00000000e8e00000, 0x00000000e8e00000|100%| S|CS|TAMS 0x00000000e8d00000, 0x00000000e8d00000| Complete 
| 142|0x00000000e8e00000, 0x00000000e8f00000, 0x00000000e8f00000|100%| S|CS|TAMS 0x00000000e8e00000, 0x00000000e8e00000| Complete 
| 143|0x00000000e8f00000, 0x00000000e9000000, 0x00000000e9000000|100%| S|CS|TAMS 0x00000000e8f00000, 0x00000000e8f00000| Complete 
| 144|0x00000000e9000000, 0x00000000e9100000, 0x00000000e9100000|100%| S|CS|TAMS 0x00000000e9000000, 0x00000000e9000000| Complete 
| 145|0x00000000e9100000, 0x00000000e9200000, 0x00000000e9200000|100%| S|CS|TAMS 0x00000000e9100000, 0x00000000e9100000| Complete 
| 146|0x00000000e9200000, 0x00000000e9300000, 0x00000000e9300000|100%| S|CS|TAMS 0x00000000e9200000, 0x00000000e9200000| Complete 
| 147|0x00000000e9300000, 0x00000000e9400000, 0x00000000e9400000|100%| S|CS|TAMS 0x00000000e9300000, 0x00000000e9300000| Complete 
| 148|0x00000000e9400000, 0x00000000e9500000, 0x00000000e9500000|100%| S|CS|TAMS 0x00000000e9400000, 0x00000000e9400000| Complete 
| 149|0x00000000e9500000, 0x00000000e9500000, 0x00000000e9600000|  0%| F|  |TAMS 0x00000000e9500000, 0x00000000e9500000| Untracked 
| 150|0x00000000e9600000, 0x00000000e9600000, 0x00000000e9700000|  0%| F|  |TAMS 0x00000000e9600000, 0x00000000e9600000| Untracked 
| 151|0x00000000e9700000, 0x00000000e9700000, 0x00000000e9800000|  0%| F|  |TAMS 0x00000000e9700000, 0x00000000e9700000| Untracked 
| 152|0x00000000e9800000, 0x00000000e9800000, 0x00000000e9900000|  0%| F|  |TAMS 0x00000000e9800000, 0x00000000e9800000| Untracked 
| 153|0x00000000e9900000, 0x00000000e9900000, 0x00000000e9a00000|  0%| F|  |TAMS 0x00000000e9900000, 0x00000000e9900000| Untracked 
| 154|0x00000000e9a00000, 0x00000000e9a00000, 0x00000000e9b00000|  0%| F|  |TAMS 0x00000000e9a00000, 0x00000000e9a00000| Untracked 
| 155|0x00000000e9b00000, 0x00000000e9b00000, 0x00000000e9c00000|  0%| F|  |TAMS 0x00000000e9b00000, 0x00000000e9b00000| Untracked 
| 156|0x00000000e9c00000, 0x00000000e9c00000, 0x00000000e9d00000|  0%| F|  |TAMS 0x00000000e9c00000, 0x00000000e9c00000| Untracked 
| 157|0x00000000e9d00000, 0x00000000e9d00000, 0x00000000e9e00000|  0%| F|  |TAMS 0x00000000e9d00000, 0x00000000e9d00000| Untracked 
| 158|0x00000000e9e00000, 0x00000000e9e00000, 0x00000000e9f00000|  0%| F|  |TAMS 0x00000000e9e00000, 0x00000000e9e00000| Untracked 
| 159|0x00000000e9f00000, 0x00000000e9f00000, 0x00000000ea000000|  0%| F|  |TAMS 0x00000000e9f00000, 0x00000000e9f00000| Untracked 
| 160|0x00000000ea000000, 0x00000000ea000000, 0x00000000ea100000|  0%| F|  |TAMS 0x00000000ea000000, 0x00000000ea000000| Untracked 
| 161|0x00000000ea100000, 0x00000000ea100000, 0x00000000ea200000|  0%| F|  |TAMS 0x00000000ea100000, 0x00000000ea100000| Untracked 
| 162|0x00000000ea200000, 0x00000000ea200000, 0x00000000ea300000|  0%| F|  |TAMS 0x00000000ea200000, 0x00000000ea200000| Untracked 
| 163|0x00000000ea300000, 0x00000000ea300000, 0x00000000ea400000|  0%| F|  |TAMS 0x00000000ea300000, 0x00000000ea300000| Untracked 
| 164|0x00000000ea400000, 0x00000000ea400000, 0x00000000ea500000|  0%| F|  |TAMS 0x00000000ea400000, 0x00000000ea400000| Untracked 
| 165|0x00000000ea500000, 0x00000000ea500000, 0x00000000ea600000|  0%| F|  |TAMS 0x00000000ea500000, 0x00000000ea500000| Untracked 
| 166|0x00000000ea600000, 0x00000000ea600000, 0x00000000ea700000|  0%| F|  |TAMS 0x00000000ea600000, 0x00000000ea600000| Untracked 
| 167|0x00000000ea700000, 0x00000000ea700000, 0x00000000ea800000|  0%| F|  |TAMS 0x00000000ea700000, 0x00000000ea700000| Untracked 
| 168|0x00000000ea800000, 0x00000000ea800000, 0x00000000ea900000|  0%| F|  |TAMS 0x00000000ea800000, 0x00000000ea800000| Untracked 
| 169|0x00000000ea900000, 0x00000000ea900000, 0x00000000eaa00000|  0%| F|  |TAMS 0x00000000ea900000, 0x00000000ea900000| Untracked 
| 170|0x00000000eaa00000, 0x00000000eaa00000, 0x00000000eab00000|  0%| F|  |TAMS 0x00000000eaa00000, 0x00000000eaa00000| Untracked 
| 171|0x00000000eab00000, 0x00000000eab00000, 0x00000000eac00000|  0%| F|  |TAMS 0x00000000eab00000, 0x00000000eab00000| Untracked 
| 172|0x00000000eac00000, 0x00000000eac00000, 0x00000000ead00000|  0%| F|  |TAMS 0x00000000eac00000, 0x00000000eac00000| Untracked 
| 173|0x00000000ead00000, 0x00000000ead00000, 0x00000000eae00000|  0%| F|  |TAMS 0x00000000ead00000, 0x00000000ead00000| Untracked 
| 174|0x00000000eae00000, 0x00000000eae00000, 0x00000000eaf00000|  0%| F|  |TAMS 0x00000000eae00000, 0x00000000eae00000| Untracked 
| 175|0x00000000eaf00000, 0x00000000eaf00000, 0x00000000eb000000|  0%| F|  |TAMS 0x00000000eaf00000, 0x00000000eaf00000| Untracked 
| 176|0x00000000eb000000, 0x00000000eb000000, 0x00000000eb100000|  0%| F|  |TAMS 0x00000000eb000000, 0x00000000eb000000| Untracked 
| 177|0x00000000eb100000, 0x00000000eb100000, 0x00000000eb200000|  0%| F|  |TAMS 0x00000000eb100000, 0x00000000eb100000| Untracked 
| 178|0x00000000eb200000, 0x00000000eb200000, 0x00000000eb300000|  0%| F|  |TAMS 0x00000000eb200000, 0x00000000eb200000| Untracked 
| 179|0x00000000eb300000, 0x00000000eb300000, 0x00000000eb400000|  0%| F|  |TAMS 0x00000000eb300000, 0x00000000eb300000| Untracked 
| 180|0x00000000eb400000, 0x00000000eb400000, 0x00000000eb500000|  0%| F|  |TAMS 0x00000000eb400000, 0x00000000eb400000| Untracked 
| 181|0x00000000eb500000, 0x00000000eb500000, 0x00000000eb600000|  0%| F|  |TAMS 0x00000000eb500000, 0x00000000eb500000| Untracked 
| 182|0x00000000eb600000, 0x00000000eb600000, 0x00000000eb700000|  0%| F|  |TAMS 0x00000000eb600000, 0x00000000eb600000| Untracked 
| 183|0x00000000eb700000, 0x00000000eb700000, 0x00000000eb800000|  0%| F|  |TAMS 0x00000000eb700000, 0x00000000eb700000| Untracked 
| 184|0x00000000eb800000, 0x00000000eb800000, 0x00000000eb900000|  0%| F|  |TAMS 0x00000000eb800000, 0x00000000eb800000| Untracked 
| 185|0x00000000eb900000, 0x00000000eb900000, 0x00000000eba00000|  0%| F|  |TAMS 0x00000000eb900000, 0x00000000eb900000| Untracked 
| 186|0x00000000eba00000, 0x00000000eba00000, 0x00000000ebb00000|  0%| F|  |TAMS 0x00000000eba00000, 0x00000000eba00000| Untracked 
| 187|0x00000000ebb00000, 0x00000000ebb00000, 0x00000000ebc00000|  0%| F|  |TAMS 0x00000000ebb00000, 0x00000000ebb00000| Untracked 
| 188|0x00000000ebc00000, 0x00000000ebc00000, 0x00000000ebd00000|  0%| F|  |TAMS 0x00000000ebc00000, 0x00000000ebc00000| Untracked 
| 189|0x00000000ebd00000, 0x00000000ebd00000, 0x00000000ebe00000|  0%| F|  |TAMS 0x00000000ebd00000, 0x00000000ebd00000| Untracked 
| 190|0x00000000ebe00000, 0x00000000ebe00000, 0x00000000ebf00000|  0%| F|  |TAMS 0x00000000ebe00000, 0x00000000ebe00000| Untracked 
| 191|0x00000000ebf00000, 0x00000000ebf00000, 0x00000000ec000000|  0%| F|  |TAMS 0x00000000ebf00000, 0x00000000ebf00000| Untracked 
| 192|0x00000000ec000000, 0x00000000ec000000, 0x00000000ec100000|  0%| F|  |TAMS 0x00000000ec000000, 0x00000000ec000000| Untracked 
| 193|0x00000000ec100000, 0x00000000ec100000, 0x00000000ec200000|  0%| F|  |TAMS 0x00000000ec100000, 0x00000000ec100000| Untracked 
| 194|0x00000000ec200000, 0x00000000ec200000, 0x00000000ec300000|  0%| F|  |TAMS 0x00000000ec200000, 0x00000000ec200000| Untracked 
| 195|0x00000000ec300000, 0x00000000ec300000, 0x00000000ec400000|  0%| F|  |TAMS 0x00000000ec300000, 0x00000000ec300000| Untracked 
| 196|0x00000000ec400000, 0x00000000ec500000, 0x00000000ec500000|100%| E|  |TAMS 0x00000000ec400000, 0x00000000ec400000| Complete 
| 197|0x00000000ec500000, 0x00000000ec600000, 0x00000000ec600000|100%| E|CS|TAMS 0x00000000ec500000, 0x00000000ec500000| Complete 
| 198|0x00000000ec600000, 0x00000000ec700000, 0x00000000ec700000|100%| E|CS|TAMS 0x00000000ec600000, 0x00000000ec600000| Complete 
| 199|0x00000000ec700000, 0x00000000ec800000, 0x00000000ec800000|100%| E|CS|TAMS 0x00000000ec700000, 0x00000000ec700000| Complete 
| 200|0x00000000ec800000, 0x00000000ec900000, 0x00000000ec900000|100%| E|CS|TAMS 0x00000000ec800000, 0x00000000ec800000| Complete 
| 201|0x00000000ec900000, 0x00000000eca00000, 0x00000000eca00000|100%| E|CS|TAMS 0x00000000ec900000, 0x00000000ec900000| Complete 
| 202|0x00000000eca00000, 0x00000000ecb00000, 0x00000000ecb00000|100%| E|CS|TAMS 0x00000000eca00000, 0x00000000eca00000| Complete 
| 203|0x00000000ecb00000, 0x00000000ecc00000, 0x00000000ecc00000|100%| E|CS|TAMS 0x00000000ecb00000, 0x00000000ecb00000| Complete 
| 204|0x00000000ecc00000, 0x00000000ecd00000, 0x00000000ecd00000|100%| E|CS|TAMS 0x00000000ecc00000, 0x00000000ecc00000| Complete 
| 205|0x00000000ecd00000, 0x00000000ece00000, 0x00000000ece00000|100%| E|CS|TAMS 0x00000000ecd00000, 0x00000000ecd00000| Complete 
| 206|0x00000000ece00000, 0x00000000ecf00000, 0x00000000ecf00000|100%| E|CS|TAMS 0x00000000ece00000, 0x00000000ece00000| Complete 
| 207|0x00000000ecf00000, 0x00000000ed000000, 0x00000000ed000000|100%| E|CS|TAMS 0x00000000ecf00000, 0x00000000ecf00000| Complete 
| 208|0x00000000ed000000, 0x00000000ed100000, 0x00000000ed100000|100%| E|CS|TAMS 0x00000000ed000000, 0x00000000ed000000| Complete 
| 209|0x00000000ed100000, 0x00000000ed200000, 0x00000000ed200000|100%| E|CS|TAMS 0x00000000ed100000, 0x00000000ed100000| Complete 
| 210|0x00000000ed200000, 0x00000000ed300000, 0x00000000ed300000|100%| E|CS|TAMS 0x00000000ed200000, 0x00000000ed200000| Complete 
| 211|0x00000000ed300000, 0x00000000ed400000, 0x00000000ed400000|100%| E|CS|TAMS 0x00000000ed300000, 0x00000000ed300000| Complete 
| 212|0x00000000ed400000, 0x00000000ed500000, 0x00000000ed500000|100%| E|CS|TAMS 0x00000000ed400000, 0x00000000ed400000| Complete 
| 213|0x00000000ed500000, 0x00000000ed600000, 0x00000000ed600000|100%| E|CS|TAMS 0x00000000ed500000, 0x00000000ed500000| Complete 
| 214|0x00000000ed600000, 0x00000000ed700000, 0x00000000ed700000|100%| E|CS|TAMS 0x00000000ed600000, 0x00000000ed600000| Complete 
| 215|0x00000000ed700000, 0x00000000ed800000, 0x00000000ed800000|100%| E|CS|TAMS 0x00000000ed700000, 0x00000000ed700000| Complete 
| 216|0x00000000ed800000, 0x00000000ed900000, 0x00000000ed900000|100%| E|CS|TAMS 0x00000000ed800000, 0x00000000ed800000| Complete 
| 217|0x00000000ed900000, 0x00000000eda00000, 0x00000000eda00000|100%| E|CS|TAMS 0x00000000ed900000, 0x00000000ed900000| Complete 
| 218|0x00000000eda00000, 0x00000000edb00000, 0x00000000edb00000|100%| E|CS|TAMS 0x00000000eda00000, 0x00000000eda00000| Complete 
| 219|0x00000000edb00000, 0x00000000edc00000, 0x00000000edc00000|100%| E|CS|TAMS 0x00000000edb00000, 0x00000000edb00000| Complete 
| 220|0x00000000edc00000, 0x00000000edd00000, 0x00000000edd00000|100%| E|CS|TAMS 0x00000000edc00000, 0x00000000edc00000| Complete 
| 221|0x00000000edd00000, 0x00000000ede00000, 0x00000000ede00000|100%| E|CS|TAMS 0x00000000edd00000, 0x00000000edd00000| Complete 
| 222|0x00000000ede00000, 0x00000000edf00000, 0x00000000edf00000|100%| E|CS|TAMS 0x00000000ede00000, 0x00000000ede00000| Complete 
| 223|0x00000000edf00000, 0x00000000ee000000, 0x00000000ee000000|100%| E|CS|TAMS 0x00000000edf00000, 0x00000000edf00000| Complete 
| 224|0x00000000ee000000, 0x00000000ee100000, 0x00000000ee100000|100%| E|CS|TAMS 0x00000000ee000000, 0x00000000ee000000| Complete 
| 225|0x00000000ee100000, 0x00000000ee200000, 0x00000000ee200000|100%| E|CS|TAMS 0x00000000ee100000, 0x00000000ee100000| Complete 
| 226|0x00000000ee200000, 0x00000000ee300000, 0x00000000ee300000|100%| E|CS|TAMS 0x00000000ee200000, 0x00000000ee200000| Complete 
| 227|0x00000000ee300000, 0x00000000ee400000, 0x00000000ee400000|100%| E|CS|TAMS 0x00000000ee300000, 0x00000000ee300000| Complete 
| 228|0x00000000ee400000, 0x00000000ee500000, 0x00000000ee500000|100%| E|CS|TAMS 0x00000000ee400000, 0x00000000ee400000| Complete 
| 229|0x00000000ee500000, 0x00000000ee600000, 0x00000000ee600000|100%| E|CS|TAMS 0x00000000ee500000, 0x00000000ee500000| Complete 
| 230|0x00000000ee600000, 0x00000000ee700000, 0x00000000ee700000|100%| E|CS|TAMS 0x00000000ee600000, 0x00000000ee600000| Complete 
| 231|0x00000000ee700000, 0x00000000ee800000, 0x00000000ee800000|100%| E|CS|TAMS 0x00000000ee700000, 0x00000000ee700000| Complete 
| 232|0x00000000ee800000, 0x00000000ee900000, 0x00000000ee900000|100%| E|CS|TAMS 0x00000000ee800000, 0x00000000ee800000| Complete 
| 233|0x00000000ee900000, 0x00000000eea00000, 0x00000000eea00000|100%| E|CS|TAMS 0x00000000ee900000, 0x00000000ee900000| Complete 
| 234|0x00000000eea00000, 0x00000000eeb00000, 0x00000000eeb00000|100%| E|CS|TAMS 0x00000000eea00000, 0x00000000eea00000| Complete 
| 235|0x00000000eeb00000, 0x00000000eec00000, 0x00000000eec00000|100%| E|CS|TAMS 0x00000000eeb00000, 0x00000000eeb00000| Complete 
| 236|0x00000000eec00000, 0x00000000eed00000, 0x00000000eed00000|100%| E|CS|TAMS 0x00000000eec00000, 0x00000000eec00000| Complete 
| 237|0x00000000eed00000, 0x00000000eee00000, 0x00000000eee00000|100%| E|CS|TAMS 0x00000000eed00000, 0x00000000eed00000| Complete 
| 238|0x00000000eee00000, 0x00000000eef00000, 0x00000000eef00000|100%| E|CS|TAMS 0x00000000eee00000, 0x00000000eee00000| Complete 
| 239|0x00000000eef00000, 0x00000000ef000000, 0x00000000ef000000|100%| E|CS|TAMS 0x00000000eef00000, 0x00000000eef00000| Complete 
| 240|0x00000000ef000000, 0x00000000ef100000, 0x00000000ef100000|100%| E|CS|TAMS 0x00000000ef000000, 0x00000000ef000000| Complete 
| 241|0x00000000ef100000, 0x00000000ef200000, 0x00000000ef200000|100%| E|CS|TAMS 0x00000000ef100000, 0x00000000ef100000| Complete 
| 242|0x00000000ef200000, 0x00000000ef300000, 0x00000000ef300000|100%| E|CS|TAMS 0x00000000ef200000, 0x00000000ef200000| Complete 
| 243|0x00000000ef300000, 0x00000000ef400000, 0x00000000ef400000|100%| E|CS|TAMS 0x00000000ef300000, 0x00000000ef300000| Complete 
| 244|0x00000000ef400000, 0x00000000ef500000, 0x00000000ef500000|100%| E|CS|TAMS 0x00000000ef400000, 0x00000000ef400000| Complete 
| 245|0x00000000ef500000, 0x00000000ef600000, 0x00000000ef600000|100%| E|CS|TAMS 0x00000000ef500000, 0x00000000ef500000| Complete 
| 246|0x00000000ef600000, 0x00000000ef700000, 0x00000000ef700000|100%| E|CS|TAMS 0x00000000ef600000, 0x00000000ef600000| Complete 
| 247|0x00000000ef700000, 0x00000000ef800000, 0x00000000ef800000|100%| E|CS|TAMS 0x00000000ef700000, 0x00000000ef700000| Complete 
| 248|0x00000000ef800000, 0x00000000ef900000, 0x00000000ef900000|100%| E|CS|TAMS 0x00000000ef800000, 0x00000000ef800000| Complete 
| 249|0x00000000ef900000, 0x00000000efa00000, 0x00000000efa00000|100%| E|CS|TAMS 0x00000000ef900000, 0x00000000ef900000| Complete 
| 250|0x00000000efa00000, 0x00000000efb00000, 0x00000000efb00000|100%| E|CS|TAMS 0x00000000efa00000, 0x00000000efa00000| Complete 
| 251|0x00000000efb00000, 0x00000000efc00000, 0x00000000efc00000|100%| E|CS|TAMS 0x00000000efb00000, 0x00000000efb00000| Complete 
| 252|0x00000000efc00000, 0x00000000efd00000, 0x00000000efd00000|100%| E|CS|TAMS 0x00000000efc00000, 0x00000000efc00000| Complete 
| 253|0x00000000efd00000, 0x00000000efe00000, 0x00000000efe00000|100%| E|CS|TAMS 0x00000000efd00000, 0x00000000efd00000| Complete 
| 254|0x00000000efe00000, 0x00000000eff00000, 0x00000000eff00000|100%| E|CS|TAMS 0x00000000efe00000, 0x00000000efe00000| Complete 
| 255|0x00000000eff00000, 0x00000000f0000000, 0x00000000f0000000|100%| E|CS|TAMS 0x00000000eff00000, 0x00000000eff00000| Complete 

Card table byte_map: [0x000001ce2cdf0000,0x000001ce2cef0000] _byte_map_base: 0x000001ce2c6f0000

Marking Bits (Prev, Next): (CMBitMap*) 0x000001ce16126cc0, (CMBitMap*) 0x000001ce16126c80
 Prev Bits: [0x000001ce2d7f0000, 0x000001ce2dff0000)
 Next Bits: [0x000001ce2cff0000, 0x000001ce2d7f0000)

Polling page: 0x000001ce14060000

Metaspace:

Usage:
  Non-class:     23.35 MB used.
      Class:      4.12 MB used.
       Both:     27.47 MB used.

Virtual space:
  Non-class space:       64.00 MB reserved,      23.56 MB ( 37%) committed,  1 nodes.
      Class space:      320.00 MB reserved,       4.38 MB (  1%) committed,  1 nodes.
             Both:      384.00 MB reserved,      27.94 MB (  7%) committed. 

Chunk freelists:
   Non-Class:  7.64 MB
       Class:  11.48 MB
        Both:  19.12 MB

MaxMetaspaceSize: 384.00 MB
CompressedClassSpaceSize: 320.00 MB
Initial GC threshold: 21.00 MB
Current GC threshold: 35.12 MB
CDS: on
MetaspaceReclaimPolicy: balanced
 - commit_granule_bytes: 65536.
 - commit_granule_words: 8192.
 - virtual_space_node_default_size: 8388608.
 - enlarge_chunks_in_place: 1.
 - new_chunks_are_fully_committed: 0.
 - uncommit_free_chunks: 1.
 - use_allocation_guard: 0.
 - handle_deallocations: 1.


Internal statistics:

num_allocs_failed_limit: 3.
num_arena_births: 460.
num_arena_deaths: 0.
num_vsnodes_births: 2.
num_vsnodes_deaths: 0.
num_space_committed: 447.
num_space_uncommitted: 0.
num_chunks_returned_to_freelist: 3.
num_chunks_taken_from_freelist: 1617.
num_chunk_merges: 3.
num_chunk_splits: 1028.
num_chunks_enlarged: 684.
num_inconsistent_stats: 0.

CodeHeap 'non-profiled nmethods': size=120000Kb used=1921Kb max_used=1921Kb free=118078Kb
 bounds [0x000001ce25490000, 0x000001ce25700000, 0x000001ce2c9c0000]
CodeHeap 'profiled nmethods': size=120000Kb used=7063Kb max_used=7063Kb free=112936Kb
 bounds [0x000001ce1d9c0000, 0x000001ce1e0b0000, 0x000001ce24ef0000]
CodeHeap 'non-nmethods': size=5760Kb used=1262Kb max_used=1313Kb free=4498Kb
 bounds [0x000001ce24ef0000, 0x000001ce25160000, 0x000001ce25490000]
 total_blobs=3908 nmethods=3349 adapters=471
 compilation: enabled
              stopped_count=0, restarted_count=0
 full_count=0

Compilation events (20 events):
Event: 4.936 Thread 0x000001ce30a404d0 3328       3       java.util.zip.ZipFile$ZipEntryIterator::hasMoreElements (5 bytes)
Event: 4.936 Thread 0x000001ce30a404d0 nmethod 3328 0x000001ce1e098c90 code [0x000001ce1e098e20, 0x000001ce1e098ff8]
Event: 4.936 Thread 0x000001ce30a404d0 3329       3       java.util.zip.ZipFile$ZipEntryIterator::nextElement (5 bytes)
Event: 4.936 Thread 0x000001ce30a404d0 nmethod 3329 0x000001ce1e099090 code [0x000001ce1e099240, 0x000001ce1e099408]
Event: 4.936 Thread 0x000001ce30a404d0 3331       3       java.util.zip.ZipFile$ZipEntryIterator::nextElement (5 bytes)
Event: 4.936 Thread 0x000001ce30a404d0 nmethod 3331 0x000001ce1e099510 code [0x000001ce1e0996c0, 0x000001ce1e099808]
Event: 4.936 Thread 0x000001ce30a404d0 3332   !   3       java.util.zip.ZipFile$ZipEntryIterator::next (71 bytes)
Event: 4.937 Thread 0x000001ce30a404d0 nmethod 3332 0x000001ce1e099890 code [0x000001ce1e099a80, 0x000001ce1e099fa8]
Event: 5.046 Thread 0x000001ce30a404d0 3334       3       java.nio.file.Files::provider (10 bytes)
Event: 5.047 Thread 0x000001ce30a404d0 nmethod 3334 0x000001ce1e09a390 code [0x000001ce1e09a540, 0x000001ce1e09a708]
Event: 5.049 Thread 0x000001ce30a404d0 3335       3       java.io.DataInputStream::readInt (72 bytes)
Event: 5.049 Thread 0x000001ce30a404d0 nmethod 3335 0x000001ce1e09a810 code [0x000001ce1e09aa00, 0x000001ce1e09af88]
Event: 5.099 Thread 0x000001ce30a404d0 3336       3       org.codehaus.groovy.reflection.GeneratedMetaMethod$DgmMethodRecord::<init> (5 bytes)
Event: 5.099 Thread 0x000001ce30a404d0 nmethod 3336 0x000001ce1e09b190 code [0x000001ce1e09b320, 0x000001ce1e09b478]
Event: 5.128 Thread 0x000001ce30a404d0 3339       3       java.util.concurrent.TimeUnit::toNanos (45 bytes)
Event: 5.128 Thread 0x000001ce30a404d0 nmethod 3339 0x000001ce1e09b510 code [0x000001ce1e09b6c0, 0x000001ce1e09b938]
Event: 5.157 Thread 0x000001ce30a404d0 3341       3       java.util.concurrent.locks.ReentrantLock::lockInterruptibly (8 bytes)
Event: 5.159 Thread 0x000001ce30a404d0 nmethod 3341 0x000001ce1e09ba10 code [0x000001ce1e09bc00, 0x000001ce1e09c0b8]
Event: 5.159 Thread 0x000001ce30a404d0 3342       3       java.util.concurrent.locks.ReentrantLock$Sync::lockInterruptibly (27 bytes)
Event: 5.160 Thread 0x000001ce30a404d0 nmethod 3342 0x000001ce1e09c290 code [0x000001ce1e09c480, 0x000001ce1e09c8d8]

GC Heap History (8 events):
Event: 0.334 GC heap before
{Heap before GC invocations=0 (full 0):
 garbage-first heap   total 262144K, used 23552K [0x00000000e0000000, 0x0000000100000000)
  region size 1024K, 23 young (23552K), 0 survivors (0K)
 Metaspace       used 1049K, committed 1216K, reserved 393216K
  class space    used 73K, committed 128K, reserved 327680K
}
Event: 0.336 GC heap after
{Heap after GC invocations=1 (full 0):
 garbage-first heap   total 262144K, used 1927K [0x00000000e0000000, 0x0000000100000000)
  region size 1024K, 2 young (2048K), 2 survivors (2048K)
 Metaspace       used 1049K, committed 1216K, reserved 393216K
  class space    used 73K, committed 128K, reserved 327680K
}
Event: 1.574 GC heap before
{Heap before GC invocations=1 (full 0):
 garbage-first heap   total 262144K, used 40839K [0x00000000e0000000, 0x0000000100000000)
  region size 1024K, 38 young (38912K), 2 survivors (2048K)
 Metaspace       used 4390K, committed 4544K, reserved 393216K
  class space    used 547K, committed 640K, reserved 327680K
}
Event: 1.579 GC heap after
{Heap after GC invocations=2 (full 0):
 garbage-first heap   total 262144K, used 10815K [0x00000000e0000000, 0x0000000100000000)
  region size 1024K, 5 young (5120K), 5 survivors (5120K)
 Metaspace       used 4390K, committed 4544K, reserved 393216K
  class space    used 547K, committed 640K, reserved 327680K
}
Event: 1.987 GC heap before
{Heap before GC invocations=2 (full 0):
 garbage-first heap   total 262144K, used 63039K [0x00000000e0000000, 0x0000000100000000)
  region size 1024K, 54 young (55296K), 5 survivors (5120K)
 Metaspace       used 5065K, committed 5248K, reserved 393216K
  class space    used 665K, committed 768K, reserved 327680K
}
Event: 1.992 GC heap after
{Heap after GC invocations=3 (full 0):
 garbage-first heap   total 262144K, used 16469K [0x00000000e0000000, 0x0000000100000000)
  region size 1024K, 5 young (5120K), 5 survivors (5120K)
 Metaspace       used 5065K, committed 5248K, reserved 393216K
  class space    used 665K, committed 768K, reserved 327680K
}
Event: 3.918 GC heap before
{Heap before GC invocations=3 (full 0):
 garbage-first heap   total 262144K, used 119893K [0x00000000e0000000, 0x0000000100000000)
  region size 1024K, 107 young (109568K), 5 survivors (5120K)
 Metaspace       used 21154K, committed 21504K, reserved 393216K
  class space    used 3098K, committed 3264K, reserved 327680K
}
Event: 3.929 GC heap after
{Heap after GC invocations=4 (full 0):
 garbage-first heap   total 262144K, used 23693K [0x00000000e0000000, 0x0000000100000000)
  region size 1024K, 12 young (12288K), 12 survivors (12288K)
 Metaspace       used 21154K, committed 21504K, reserved 393216K
  class space    used 3098K, committed 3264K, reserved 327680K
}

Deoptimization events (20 events):
Event: 4.675 Thread 0x000001ce30c735f0 Uncommon trap: trap_request=0xffffff45 fr.pc=0x000001ce255d5930 relative=0x0000000000000770
Event: 4.675 Thread 0x000001ce30c735f0 Uncommon trap: reason=unstable_if action=reinterpret pc=0x000001ce255d5930 method=java.lang.Class.getPackageName()Ljava/lang/String; @ 55 c2
Event: 4.675 Thread 0x000001ce30c735f0 DEOPT PACKING pc=0x000001ce255d5930 sp=0x00000059718f8b00
Event: 4.675 Thread 0x000001ce30c735f0 DEOPT UNPACKING pc=0x000001ce24f45ba3 sp=0x00000059718f8ac0 mode 2
Event: 5.088 Thread 0x000001ce30c735f0 Uncommon trap: trap_request=0xffffffc6 fr.pc=0x000001ce25628200 relative=0x0000000000000680
Event: 5.093 Thread 0x000001ce30c735f0 Uncommon trap: reason=bimorphic_or_optimized_type_check action=maybe_recompile pc=0x000001ce25628200 method=java.io.BufferedInputStream.read([BII)I @ 101 c2
Event: 5.093 Thread 0x000001ce30c735f0 DEOPT PACKING pc=0x000001ce25628200 sp=0x00000059718f67e0
Event: 5.093 Thread 0x000001ce30c735f0 DEOPT UNPACKING pc=0x000001ce24f45ba3 sp=0x00000059718f6798 mode 2
Event: 5.098 Thread 0x000001ce30c735f0 Uncommon trap: trap_request=0xffffffc6 fr.pc=0x000001ce25628200 relative=0x0000000000000680
Event: 5.098 Thread 0x000001ce30c735f0 Uncommon trap: reason=bimorphic_or_optimized_type_check action=maybe_recompile pc=0x000001ce25628200 method=java.io.BufferedInputStream.read([BII)I @ 101 c2
Event: 5.098 Thread 0x000001ce30c735f0 DEOPT PACKING pc=0x000001ce25628200 sp=0x00000059718f67e0
Event: 5.098 Thread 0x000001ce30c735f0 DEOPT UNPACKING pc=0x000001ce24f45ba3 sp=0x00000059718f6798 mode 2
Event: 5.099 Thread 0x000001ce30c735f0 Uncommon trap: trap_request=0xffffffc6 fr.pc=0x000001ce25628200 relative=0x0000000000000680
Event: 5.099 Thread 0x000001ce30c735f0 Uncommon trap: reason=bimorphic_or_optimized_type_check action=maybe_recompile pc=0x000001ce25628200 method=java.io.BufferedInputStream.read([BII)I @ 101 c2
Event: 5.099 Thread 0x000001ce30c735f0 DEOPT PACKING pc=0x000001ce25628200 sp=0x00000059718f67e0
Event: 5.099 Thread 0x000001ce30c735f0 DEOPT UNPACKING pc=0x000001ce24f45ba3 sp=0x00000059718f6798 mode 2
Event: 5.101 Thread 0x000001ce30c735f0 Uncommon trap: trap_request=0xffffffc6 fr.pc=0x000001ce25628200 relative=0x0000000000000680
Event: 5.101 Thread 0x000001ce30c735f0 Uncommon trap: reason=bimorphic_or_optimized_type_check action=maybe_recompile pc=0x000001ce25628200 method=java.io.BufferedInputStream.read([BII)I @ 101 c2
Event: 5.101 Thread 0x000001ce30c735f0 DEOPT PACKING pc=0x000001ce25628200 sp=0x00000059718f67e0
Event: 5.101 Thread 0x000001ce30c735f0 DEOPT UNPACKING pc=0x000001ce24f45ba3 sp=0x00000059718f6798 mode 2

Classes unloaded (0 events):
No events

Classes redefined (0 events):
No events

Internal exceptions (20 events):
Event: 4.254 Thread 0x000001ce30c735f0 Exception <a 'java/lang/NoSuchMethodError'{0x00000000ee838f88}: static Lcom/intellij/gradle/toolingExtension/impl/model/sourceSetDependencyModel/GradleSourceSetDependencyModelProvider;.<clinit>()V> (0x00000000ee838f88) 
thrown [s\open\src\hotspot\share\prims\jni.cpp, line 1112]
Event: 4.256 Thread 0x000001ce30c735f0 Exception <a 'java/lang/NoSuchMethodError'{0x00000000ee85d5a0}: static Lorg/jetbrains/plugins/gradle/model/ExternalProjectDependency;.<clinit>()V> (0x00000000ee85d5a0) 
thrown [s\open\src\hotspot\share\prims\jni.cpp, line 1112]
Event: 4.257 Thread 0x000001ce30c735f0 Exception <a 'java/lang/NoSuchMethodError'{0x00000000ee86ac80}: static Lorg/jetbrains/plugins/gradle/model/ExternalLibraryDependency;.<clinit>()V> (0x00000000ee86ac80) 
thrown [s\open\src\hotspot\share\prims\jni.cpp, line 1112]
Event: 4.257 Thread 0x000001ce30c735f0 Exception <a 'java/lang/NoSuchMethodError'{0x00000000ee877dd0}: static Lorg/jetbrains/plugins/gradle/model/FileCollectionDependency;.<clinit>()V> (0x00000000ee877dd0) 
thrown [s\open\src\hotspot\share\prims\jni.cpp, line 1112]
Event: 4.257 Thread 0x000001ce30c735f0 Exception <a 'java/lang/NoSuchMethodError'{0x00000000ee884d98}: static Lorg/jetbrains/plugins/gradle/model/UnresolvedExternalDependency;.<clinit>()V> (0x00000000ee884d98) 
thrown [s\open\src\hotspot\share\prims\jni.cpp, line 1112]
Event: 4.263 Thread 0x000001ce30c735f0 Exception <a 'java/lang/NoSuchMethodError'{0x00000000ee731950}: static Lorg/gradle/tooling/internal/consumer/versioning/VersionDetails;.<clinit>()V> (0x00000000ee731950) 
thrown [s\open\src\hotspot\share\prims\jni.cpp, line 1112]
Event: 4.263 Thread 0x000001ce30c735f0 Exception <a 'java/lang/NoSuchMethodError'{0x00000000ee7342f8}: static Lorg/gradle/tooling/internal/consumer/versioning/VersionDetails$R26VersionDetails;.<clinit>()V> (0x00000000ee7342f8) 
thrown [s\open\src\hotspot\share\prims\jni.cpp, line 1112]
Event: 4.263 Thread 0x000001ce30c735f0 Exception <a 'java/lang/NoSuchMethodError'{0x00000000ee735870}: static Lorg/gradle/tooling/internal/consumer/versioning/VersionDetails$R28VersionDetails;.<clinit>()V> (0x00000000ee735870) 
thrown [s\open\src\hotspot\share\prims\jni.cpp, line 1112]
Event: 4.263 Thread 0x000001ce30c735f0 Exception <a 'java/lang/NoSuchMethodError'{0x00000000ee736d78}: static Lorg/gradle/tooling/internal/consumer/versioning/VersionDetails$R35VersionDetails;.<clinit>()V> (0x00000000ee736d78) 
thrown [s\open\src\hotspot\share\prims\jni.cpp, line 1112]
Event: 4.263 Thread 0x000001ce30c735f0 Exception <a 'java/lang/NoSuchMethodError'{0x00000000ee738448}: static Lorg/gradle/tooling/internal/consumer/versioning/VersionDetails$R44VersionDetails;.<clinit>()V> (0x00000000ee738448) 
thrown [s\open\src\hotspot\share\prims\jni.cpp, line 1112]
Event: 4.263 Thread 0x000001ce30c735f0 Exception <a 'java/lang/NoSuchMethodError'{0x00000000ee739a50}: static Lorg/gradle/tooling/internal/consumer/versioning/VersionDetails$R48VersionDetails;.<clinit>()V> (0x00000000ee739a50) 
thrown [s\open\src\hotspot\share\prims\jni.cpp, line 1112]
Event: 4.263 Thread 0x000001ce30c735f0 Exception <a 'java/lang/NoSuchMethodError'{0x00000000ee73ac50}: static Lorg/gradle/tooling/internal/consumer/versioning/VersionDetails$R51VersionDetails;.<clinit>()V> (0x00000000ee73ac50) 
thrown [s\open\src\hotspot\share\prims\jni.cpp, line 1112]
Event: 4.266 Thread 0x000001ce30c735f0 Exception <a 'java/lang/NoSuchMethodError'{0x00000000ee762af0}: 'java.lang.Object java.lang.invoke.DirectMethodHandle$Holder.newInvokeSpecial(java.lang.Object, java.lang.Object, java.lang.Object, int)'> (0x00000000ee762af0) 
thrown [s\open\src\hotspot\share\interpreter\linkResolver.cpp, line 759]
Event: 4.266 Thread 0x000001ce30c735f0 Exception <a 'java/lang/NoSuchMethodError'{0x00000000ee767178}: 'java.lang.Object java.lang.invoke.DirectMethodHandle$Holder.invokeSpecial(java.lang.Object, java.lang.Object, java.lang.Object, java.lang.Object, int)'> (0x00000000ee767178) 
thrown [s\open\src\hotspot\share\interpreter\linkResolver.cpp, line 759]
Event: 4.266 Thread 0x000001ce30c735f0 Exception <a 'java/lang/NoSuchMethodError'{0x00000000ee76afe8}: 'java.lang.Object java.lang.invoke.Invokers$Holder.linkToTargetMethod(java.lang.Object, java.lang.Object, int, java.lang.Object)'> (0x00000000ee76afe8) 
thrown [s\open\src\hotspot\share\interpreter\linkResolver.cpp, line 759]
Event: 4.575 Thread 0x000001ce30c735f0 Exception <a 'java/lang/IncompatibleClassChangeError'{0x00000000ed173e58}: Found class java.lang.Object, but interface was expected> (0x00000000ed173e58) 
thrown [s\open\src\hotspot\share\interpreter\linkResolver.cpp, line 826]
Event: 4.604 Thread 0x000001ce30c735f0 Exception <a 'java/lang/NoSuchMethodError'{0x00000000ed0fe9c0}: 'java.lang.Object java.lang.invoke.DirectMethodHandle$Holder.invokeVirtual(java.lang.Object, java.lang.Object, int)'> (0x00000000ed0fe9c0) 
thrown [s\open\src\hotspot\share\interpreter\linkResolver.cpp, line 759]
Event: 4.607 Thread 0x000001ce30c735f0 Exception <a 'java/lang/NoSuchMethodError'{0x00000000ecf2ede8}: 'void java.lang.invoke.DirectMethodHandle$Holder.invokeStatic(java.lang.Object, java.lang.Object, java.lang.Object, int)'> (0x00000000ecf2ede8) 
thrown [s\open\src\hotspot\share\interpreter\linkResolver.cpp, line 759]
Event: 4.704 Thread 0x000001ce30c735f0 Exception <a 'java/lang/NoSuchMethodError'{0x00000000ecb16620}: 'java.lang.Object java.lang.invoke.DirectMethodHandle$Holder.invokeStaticInit(java.lang.Object, java.lang.Object, java.lang.Object, java.lang.Object, java.lang.Object, java.lang.Object, java.lang.Object)'> (0x00000000ecb16620) 
thrown [s\open\src\hotspot\share\interpreter\linkResolver.cpp, line 759]
Event: 4.707 Thread 0x000001ce30c735f0 Exception <a 'java/lang/NoSuchMethodError'{0x00000000ecb41d40}: 'java.lang.Object java.lang.invoke.DirectMethodHandle$Holder.invokeSpecial(java.lang.Object, java.lang.Object, java.lang.Object, int, java.lang.Object, java.lang.Object)'> (0x00000000ecb41d40) 
thrown [s\open\src\hotspot\share\interpreter\linkResolver.cpp, line 759]

VM Operations (20 events):
Event: 3.936 Executing VM operation: G1Concurrent
Event: 3.939 Executing VM operation: G1Concurrent done
Event: 3.941 Executing VM operation: G1Concurrent
Event: 3.941 Executing VM operation: G1Concurrent done
Event: 4.112 Executing VM operation: HandshakeAllThreads
Event: 4.112 Executing VM operation: HandshakeAllThreads done
Event: 4.124 Executing VM operation: HandshakeAllThreads
Event: 4.124 Executing VM operation: HandshakeAllThreads done
Event: 4.287 Executing VM operation: HandshakeAllThreads
Event: 4.287 Executing VM operation: HandshakeAllThreads done
Event: 4.428 Executing VM operation: HandshakeAllThreads
Event: 4.428 Executing VM operation: HandshakeAllThreads done
Event: 4.578 Executing VM operation: HandshakeAllThreads
Event: 4.578 Executing VM operation: HandshakeAllThreads done
Event: 4.607 Executing VM operation: ICBufferFull
Event: 4.607 Executing VM operation: ICBufferFull done
Event: 4.672 Executing VM operation: HandshakeAllThreads
Event: 4.672 Executing VM operation: HandshakeAllThreads done
Event: 4.673 Executing VM operation: HandshakeAllThreads
Event: 4.673 Executing VM operation: HandshakeAllThreads done

Events (20 events):
Event: 4.690 loading class java/util/stream/Nodes$ArrayNode done
Event: 4.690 loading class java/util/stream/Nodes$FixedNodeBuilder done
Event: 4.690 loading class java/util/stream/IntPipeline$1$1
Event: 4.691 loading class java/util/stream/IntPipeline$1$1 done
Event: 4.700 loading class java/lang/IllegalAccessError
Event: 4.700 loading class java/lang/IllegalAccessError done
Event: 4.704 loading class java/lang/ProcessBuilder
Event: 4.704 loading class java/lang/ProcessBuilder done
Event: 4.704 loading class java/lang/Process
Event: 4.705 loading class java/lang/Process done
Event: 5.015 loading class java/util/EventListener
Event: 5.022 loading class java/util/EventListener done
Event: 5.049 loading class java/util/BitSet
Event: 5.052 loading class java/util/BitSet done
Event: 5.074 loading class java/io/PrintWriter
Event: 5.075 loading class java/io/PrintWriter done
Event: 5.075 loading class java/util/TimerTask
Event: 5.076 loading class java/util/TimerTask done
Event: 5.076 loading class java/util/Timer
Event: 5.077 loading class java/util/Timer done


Dynamic libraries:
0x00007ff7b73f0000 - 0x00007ff7b7400000 	C:\Program Files\Java\jdk-17\bin\java.exe
0x00007ffe84ab0000 - 0x00007ffe84ca8000 	C:\WINDOWS\SYSTEM32\ntdll.dll
0x00007ffe82d60000 - 0x00007ffe82e22000 	C:\WINDOWS\System32\KERNEL32.DLL
0x00007ffe82400000 - 0x00007ffe826f6000 	C:\WINDOWS\System32\KERNELBASE.dll
0x00007ffe82140000 - 0x00007ffe82240000 	C:\WINDOWS\System32\ucrtbase.dll
0x00007ffe7cae0000 - 0x00007ffe7cafb000 	C:\Program Files\Java\jdk-17\bin\VCRUNTIME140.dll
0x00007ffe66e90000 - 0x00007ffe66ea9000 	C:\Program Files\Java\jdk-17\bin\jli.dll
0x00007ffe84390000 - 0x00007ffe84441000 	C:\WINDOWS\System32\ADVAPI32.dll
0x00007ffe84600000 - 0x00007ffe8469e000 	C:\WINDOWS\System32\msvcrt.dll
0x00007ffe844b0000 - 0x00007ffe8454f000 	C:\WINDOWS\System32\sechost.dll
0x00007ffe83ef0000 - 0x00007ffe84013000 	C:\WINDOWS\System32\RPCRT4.dll
0x00007ffe82a50000 - 0x00007ffe82a77000 	C:\WINDOWS\System32\bcrypt.dll
0x00007ffe83d50000 - 0x00007ffe83eed000 	C:\WINDOWS\System32\USER32.dll
0x00007ffe82970000 - 0x00007ffe82992000 	C:\WINDOWS\System32\win32u.dll
0x00007ffe667b0000 - 0x00007ffe66a4a000 	C:\WINDOWS\WinSxS\amd64_microsoft.windows.common-controls_6595b64144ccf1df_6.0.19041.5915_none_60b4b9d171f9c7c7\COMCTL32.dll
0x00007ffe84990000 - 0x00007ffe849bb000 	C:\WINDOWS\System32\GDI32.dll
0x00007ffe82240000 - 0x00007ffe82359000 	C:\WINDOWS\System32\gdi32full.dll
0x00007ffe82360000 - 0x00007ffe823fd000 	C:\WINDOWS\System32\msvcp_win.dll
0x00007ffe73b00000 - 0x00007ffe73b0a000 	C:\WINDOWS\SYSTEM32\VERSION.dll
0x00007ffe82e30000 - 0x00007ffe82e5f000 	C:\WINDOWS\System32\IMM32.DLL
0x00007ffe67be0000 - 0x00007ffe67bec000 	C:\Program Files\Java\jdk-17\bin\vcruntime140_1.dll
0x00007ffe430a0000 - 0x00007ffe4312e000 	C:\Program Files\Java\jdk-17\bin\msvcp140.dll
0x00007ffe06500000 - 0x00007ffe070e0000 	C:\Program Files\Java\jdk-17\bin\server\jvm.dll
0x00007ffe84020000 - 0x00007ffe84028000 	C:\WINDOWS\System32\PSAPI.DLL
0x00007ffe73880000 - 0x00007ffe738a7000 	C:\WINDOWS\SYSTEM32\WINMM.dll
0x00007ffe6b920000 - 0x00007ffe6b929000 	C:\WINDOWS\SYSTEM32\WSOCK32.dll
0x00007ffe84920000 - 0x00007ffe8498b000 	C:\WINDOWS\System32\WS2_32.dll
0x00007ffe7ffa0000 - 0x00007ffe7ffb2000 	C:\WINDOWS\SYSTEM32\kernel.appcore.dll
0x00007ffe66d00000 - 0x00007ffe66d0a000 	C:\Program Files\Java\jdk-17\bin\jimage.dll
0x00007ffe7f830000 - 0x00007ffe7fa31000 	C:\WINDOWS\SYSTEM32\DBGHELP.DLL
0x00007ffe6aa30000 - 0x00007ffe6aa64000 	C:\WINDOWS\SYSTEM32\dbgcore.DLL
0x00007ffe828e0000 - 0x00007ffe82962000 	C:\WINDOWS\System32\bcryptPrimitives.dll
0x00007ffe66750000 - 0x00007ffe6675e000 	C:\Program Files\Java\jdk-17\bin\instrument.dll
0x00007ffe66340000 - 0x00007ffe66365000 	C:\Program Files\Java\jdk-17\bin\java.dll
0x00007ffe3d7f0000 - 0x00007ffe3d8c7000 	C:\Program Files\Java\jdk-17\bin\jsvml.dll
0x00007ffe833e0000 - 0x00007ffe83b4e000 	C:\WINDOWS\System32\SHELL32.dll
0x00007ffe801c0000 - 0x00007ffe80964000 	C:\WINDOWS\SYSTEM32\windows.storage.dll
0x00007ffe84030000 - 0x00007ffe84383000 	C:\WINDOWS\System32\combase.dll
0x00007ffe81b70000 - 0x00007ffe81b9b000 	C:\WINDOWS\SYSTEM32\Wldp.dll
0x00007ffe846a0000 - 0x00007ffe8476d000 	C:\WINDOWS\System32\OLEAUT32.dll
0x00007ffe849c0000 - 0x00007ffe84a6d000 	C:\WINDOWS\System32\SHCORE.dll
0x00007ffe82ad0000 - 0x00007ffe82b2b000 	C:\WINDOWS\System32\shlwapi.dll
0x00007ffe82070000 - 0x00007ffe82094000 	C:\WINDOWS\SYSTEM32\profapi.dll
0x00007ffe64210000 - 0x00007ffe64228000 	C:\Program Files\Java\jdk-17\bin\zip.dll
0x00007ffe5c8f0000 - 0x00007ffe5c909000 	C:\Program Files\Java\jdk-17\bin\net.dll
0x00007ffe7e040000 - 0x00007ffe7e14a000 	C:\WINDOWS\SYSTEM32\WINHTTP.dll
0x00007ffe818d0000 - 0x00007ffe8193a000 	C:\WINDOWS\system32\mswsock.dll
0x00007ffe5c8d0000 - 0x00007ffe5c8e6000 	C:\Program Files\Java\jdk-17\bin\nio.dll
0x00007ffe66410000 - 0x00007ffe66420000 	C:\Program Files\Java\jdk-17\bin\verify.dll
0x00007ffe666f0000 - 0x00007ffe66717000 	C:\Users\youde\.gradle\native\1def1411415f61bf3af743bc5b6707747c0891f09f0c88961ee8f79bc544acac\windows-amd64\native-platform.dll
0x00007ffe3e1e0000 - 0x00007ffe3e258000 	C:\Users\youde\.gradle\native\0.2.7\x86_64-windows-gnu\gradle-fileevents.dll
0x00007ffe662c0000 - 0x00007ffe662ca000 	C:\Program Files\Java\jdk-17\bin\management.dll
0x00007ffe65200000 - 0x00007ffe6520b000 	C:\Program Files\Java\jdk-17\bin\management_ext.dll
0x00007ffe81560000 - 0x00007ffe8159b000 	C:\WINDOWS\SYSTEM32\IPHLPAPI.DLL
0x00007ffe833d0000 - 0x00007ffe833d8000 	C:\WINDOWS\System32\NSI.dll
0x00007ffe78c50000 - 0x00007ffe78c67000 	C:\WINDOWS\SYSTEM32\dhcpcsvc6.DLL
0x00007ffe78fa0000 - 0x00007ffe78fbd000 	C:\WINDOWS\SYSTEM32\dhcpcsvc.DLL
0x00007ffe815b0000 - 0x00007ffe8167a000 	C:\WINDOWS\SYSTEM32\DNSAPI.dll
0x00007ffe81ad0000 - 0x00007ffe81ae8000 	C:\WINDOWS\SYSTEM32\CRYPTSP.dll
0x00007ffe81180000 - 0x00007ffe811b8000 	C:\WINDOWS\system32\rsaenh.dll
0x00007ffe81ff0000 - 0x00007ffe8201e000 	C:\WINDOWS\SYSTEM32\USERENV.dll
0x00007ffe81ac0000 - 0x00007ffe81acc000 	C:\WINDOWS\SYSTEM32\CRYPTBASE.dll
0x00007ffe64f60000 - 0x00007ffe64f6e000 	C:\Program Files\Java\jdk-17\bin\sunmscapi.dll
0x00007ffe82780000 - 0x00007ffe828dd000 	C:\WINDOWS\System32\CRYPT32.dll
0x00007ffe81be0000 - 0x00007ffe81c07000 	C:\WINDOWS\SYSTEM32\ncrypt.dll
0x00007ffe81ba0000 - 0x00007ffe81bdb000 	C:\WINDOWS\SYSTEM32\NTASN1.dll
0x00007ffe6b940000 - 0x00007ffe6b947000 	C:\WINDOWS\system32\wshunix.dll

dbghelp: loaded successfully - version: 4.0.5 - missing functions: none
symbol engine: initialized successfully - sym options: 0x614 - pdb path: .;C:\Program Files\Java\jdk-17\bin;C:\WINDOWS\SYSTEM32;C:\WINDOWS\WinSxS\amd64_microsoft.windows.common-controls_6595b64144ccf1df_6.0.19041.5915_none_60b4b9d171f9c7c7;C:\Program Files\Java\jdk-17\bin\server;C:\Users\youde\.gradle\native\1def1411415f61bf3af743bc5b6707747c0891f09f0c88961ee8f79bc544acac\windows-amd64;C:\Users\youde\.gradle\native\0.2.7\x86_64-windows-gnu

VM Arguments:
jvm_args: --add-opens=java.base/java.lang=ALL-UNNAMED --add-opens=java.base/java.lang.invoke=ALL-UNNAMED --add-opens=java.base/java.util=ALL-UNNAMED --add-opens=java.prefs/java.util.prefs=ALL-UNNAMED --add-exports=jdk.compiler/com.sun.tools.javac.api=ALL-UNNAMED --add-exports=jdk.compiler/com.sun.tools.javac.util=ALL-UNNAMED --add-opens=java.base/java.util=ALL-UNNAMED --add-opens=java.prefs/java.util.prefs=ALL-UNNAMED --add-opens=java.base/java.nio.charset=ALL-UNNAMED --add-opens=java.base/java.net=ALL-UNNAMED --add-opens=java.base/java.util.concurrent.atomic=ALL-UNNAMED --add-opens=java.xml/javax.xml.namespace=ALL-UNNAMED -XX:MaxMetaspaceSize=384m -XX:+HeapDumpOnOutOfMemoryError -Xms256m -Xmx512m -Dfile.encoding=UTF-8 -Duser.country=MX -Duser.language=es -Duser.variant -javaagent:C:\Users\youde\.gradle\wrapper\dists\gradle-8.14.3-bin\cv11ve7ro1n3o1j4so8xd9n66\gradle-8.14.3\lib\agents\gradle-instrumentation-agent-8.14.3.jar 
java_command: org.gradle.launcher.daemon.bootstrap.GradleDaemon 8.14.3
java_class_path (initial): C:\Users\youde\.gradle\wrapper\dists\gradle-8.14.3-bin\cv11ve7ro1n3o1j4so8xd9n66\gradle-8.14.3\lib\gradle-daemon-main-8.14.3.jar
Launcher Type: SUN_STANDARD

[Global flags]
     intx CICompilerCount                          = 4                                         {product} {ergonomic}
   size_t CompressedClassSpaceSize                 = 335544320                                 {product} {ergonomic}
     uint ConcGCThreads                            = 2                                         {product} {ergonomic}
     uint G1ConcRefinementThreads                  = 8                                         {product} {ergonomic}
   size_t G1HeapRegionSize                         = 1048576                                   {product} {ergonomic}
    uintx GCDrainStackTargetSize                   = 64                                        {product} {ergonomic}
     bool HeapDumpOnOutOfMemoryError               = true                                   {manageable} {command line}
   size_t InitialHeapSize                          = 268435456                                 {product} {command line}
   size_t MarkStackSize                            = 4194304                                   {product} {ergonomic}
   size_t MaxHeapSize                              = 536870912                                 {product} {command line}
   size_t MaxMetaspaceSize                         = 402653184                                 {product} {command line}
   size_t MaxNewSize                               = 321912832                                 {product} {ergonomic}
   size_t MinHeapDeltaBytes                        = 1048576                                   {product} {ergonomic}
   size_t MinHeapSize                              = 268435456                                 {product} {command line}
    uintx NonNMethodCodeHeapSize                   = 5839372                                {pd product} {ergonomic}
    uintx NonProfiledCodeHeapSize                  = 122909434                              {pd product} {ergonomic}
    uintx ProfiledCodeHeapSize                     = 122909434                              {pd product} {ergonomic}
    uintx ReservedCodeCacheSize                    = 251658240                              {pd product} {ergonomic}
     bool SegmentedCodeCache                       = true                                      {product} {ergonomic}
   size_t SoftMaxHeapSize                          = 536870912                              {manageable} {ergonomic}
     bool UseCompressedClassPointers               = true                           {product lp64_product} {ergonomic}
     bool UseCompressedOops                        = true                           {product lp64_product} {ergonomic}
     bool UseG1GC                                  = true                                      {product} {ergonomic}
     bool UseLargePagesIndividualAllocation        = false                                  {pd product} {ergonomic}

Logging:
Log output configuration:
 #0: stdout all=warning uptime,level,tags
 #1: stderr all=off uptime,level,tags

Environment Variables:
JAVA_HOME=C:\Program Files\Java\jdk-17
PATH=C:\Program Files\Common Files\Oracle\Java\javapath;C:\WINDOWS\system32;C:\WINDOWS;C:\WINDOWS\System32\Wbem;C:\WINDOWS\System32\WindowsPowerShell\v1.0\;C:\WINDOWS\System32\OpenSSH\;C:\Program Files\Git\cmd;C:\Program Files\nodejs\;C:\Program Files\MySQL\MySQL Shell 8.0\bin\;C:\Users\youde\AppData\Local\Microsoft\WindowsApps;C:\Users\youde\AppData\Local\Programs\Microsoft VS Code\bin;C:\Users\youde\AppData\Roaming\npm
USERNAME=youde
OS=Windows_NT
PROCESSOR_IDENTIFIER=Intel64 Family 6 Model 140 Stepping 1, GenuineIntel



---------------  S Y S T E M  ---------------

OS:
 Windows 10 , 64 bit Build 19041 (10.0.19041.5915)
OS uptime: 12 days 12:44 hours

CPU: total 8 (initial active 8) (4 cores per cpu, 2 threads per core) family 6 model 140 stepping 1 microcode 0xaa, cx8, cmov, fxsr, ht, mmx, 3dnowpref, sse, sse2, sse3, ssse3, sse4.1, sse4.2, popcnt, lzcnt, tsc, tscinvbit, avx, avx2, aes, erms, clmul, bmi1, bmi2, adx, avx512f, avx512dq, avx512cd, avx512bw, avx512vl, sha, fma, vzeroupper, avx512_vpopcntdq, avx512_vpclmulqdq, avx512_vaes, avx512_vnni, clflush, clflushopt, clwb, avx512_vbmi2, avx512_vbmi

Memory: 4k page, system-wide physical 7975M (276M free)
TotalPageFile size 32551M (AvailPageFile size 4M)
current process WorkingSet (physical memory assigned to process): 297M, peak: 304M
current process commit charge ("private bytes"): 449M, peak: 456M

vm_info: Java HotSpot(TM) 64-Bit Server VM (17.0.12+8-LTS-286) for windows-amd64 JRE (17.0.12+8-LTS-286), built on Jun  5 2024 06:46:59 by "mach5one" with MS VC++ 17.6 (VS2022)

END.
